[2021-12-25 11:08:55,949] {taskinstance.py:851} INFO - Dependencies all met for <TaskInstance: classification.check_data_exist 2021-12-25T11:03:48.961215+00:00 [queued]>
[2021-12-25 11:08:55,977] {taskinstance.py:851} INFO - Dependencies all met for <TaskInstance: classification.check_data_exist 2021-12-25T11:03:48.961215+00:00 [queued]>
[2021-12-25 11:08:55,978] {taskinstance.py:1042} INFO - 
--------------------------------------------------------------------------------
[2021-12-25 11:08:55,979] {taskinstance.py:1043} INFO - Starting attempt 1 of 2
[2021-12-25 11:08:55,979] {taskinstance.py:1044} INFO - 
--------------------------------------------------------------------------------
[2021-12-25 11:08:56,012] {taskinstance.py:1063} INFO - Executing <Task(BranchPythonOperator): check_data_exist> on 2021-12-25T11:03:48.961215+00:00
[2021-12-25 11:08:56,021] {standard_task_runner.py:52} INFO - Started process 41 to run task
[2021-12-25 11:08:56,031] {standard_task_runner.py:76} INFO - Running: ['airflow', 'tasks', 'run', 'classification', 'check_data_exist', '2021-12-25T11:03:48.961215+00:00', '--job-id', '179', '--pool', 'default_pool', '--raw', '--subdir', 'DAGS_FOLDER/classification.py', '--cfg-path', '/tmp/tmpgf6sstz4', '--error-file', '/tmp/tmpvogj8gz3']
[2021-12-25 11:08:56,042] {standard_task_runner.py:77} INFO - Job 179: Subtask check_data_exist
[2021-12-25 11:08:56,120] {logging_mixin.py:104} INFO - Running <TaskInstance: classification.check_data_exist 2021-12-25T11:03:48.961215+00:00 [running]> on host cc312d20ac57
[2021-12-25 11:08:56,178] {taskinstance.py:1257} INFO - Exporting the following env vars:
AIRFLOW_CTX_DAG_OWNER=airflow
AIRFLOW_CTX_DAG_ID=classification
AIRFLOW_CTX_TASK_ID=check_data_exist
AIRFLOW_CTX_EXECUTION_DATE=2021-12-25T11:03:48.961215+00:00
AIRFLOW_CTX_DAG_RUN_ID=scheduled__2021-12-25T11:03:48.961215+00:00
[2021-12-25 11:08:56,203] {python.py:118} INFO - Done. Returned value was: end
[2021-12-25 11:08:56,204] {skipmixin.py:124} INFO - Following branch end
[2021-12-25 11:08:56,214] {skipmixin.py:155} INFO - Skipping tasks ['load_data']
[2021-12-25 11:08:56,309] {taskinstance.py:1166} INFO - Marking task as SUCCESS. dag_id=classification, task_id=check_data_exist, execution_date=20211225T110348, start_date=20211225T110855, end_date=20211225T110856
[2021-12-25 11:08:56,393] {taskinstance.py:1220} INFO - 0 downstream tasks scheduled from follow-on schedule check
[2021-12-25 11:08:56,443] {local_task_job.py:146} INFO - Task exited with return code 0
