[2021-12-25 11:23:29,943] {taskinstance.py:851} INFO - Dependencies all met for <TaskInstance: survey.myfunction 2021-12-25T11:23:27.385795+00:00 [queued]>
[2021-12-25 11:23:30,003] {taskinstance.py:851} INFO - Dependencies all met for <TaskInstance: survey.myfunction 2021-12-25T11:23:27.385795+00:00 [queued]>
[2021-12-25 11:23:30,007] {taskinstance.py:1042} INFO - 
--------------------------------------------------------------------------------
[2021-12-25 11:23:30,009] {taskinstance.py:1043} INFO - Starting attempt 1 of 1
[2021-12-25 11:23:30,010] {taskinstance.py:1044} INFO - 
--------------------------------------------------------------------------------
[2021-12-25 11:23:30,043] {taskinstance.py:1063} INFO - Executing <Task(PythonOperator): myfunction> on 2021-12-25T11:23:27.385795+00:00
[2021-12-25 11:23:30,055] {standard_task_runner.py:52} INFO - Started process 66 to run task
[2021-12-25 11:23:30,077] {standard_task_runner.py:76} INFO - Running: ['airflow', 'tasks', 'run', 'survey', 'myfunction', '2021-12-25T11:23:27.385795+00:00', '--job-id', '188', '--pool', 'default_pool', '--raw', '--subdir', 'DAGS_FOLDER/survey.py', '--cfg-path', '/tmp/tmpa8z6a2ga', '--error-file', '/tmp/tmphvfy9zsf']
[2021-12-25 11:23:30,090] {standard_task_runner.py:77} INFO - Job 188: Subtask myfunction
[2021-12-25 11:23:30,221] {logging_mixin.py:104} INFO - Running <TaskInstance: survey.myfunction 2021-12-25T11:23:27.385795+00:00 [running]> on host e1668ec19f6d
[2021-12-25 11:23:30,363] {taskinstance.py:1257} INFO - Exporting the following env vars:
AIRFLOW_CTX_DAG_OWNER=airflow
AIRFLOW_CTX_DAG_ID=survey
AIRFLOW_CTX_TASK_ID=myfunction
AIRFLOW_CTX_EXECUTION_DATE=2021-12-25T11:23:27.385795+00:00
AIRFLOW_CTX_DAG_RUN_ID=manual__2021-12-25T11:23:27.385795+00:00
[2021-12-25 11:23:30,380] {python.py:118} INFO - Done. Returned value was: None
[2021-12-25 11:23:30,414] {taskinstance.py:1166} INFO - Marking task as SUCCESS. dag_id=survey, task_id=myfunction, execution_date=20211225T112327, start_date=20211225T112329, end_date=20211225T112330
[2021-12-25 11:23:30,508] {taskinstance.py:1220} INFO - 1 downstream tasks scheduled from follow-on schedule check
[2021-12-25 11:23:30,537] {local_task_job.py:146} INFO - Task exited with return code 0
