[2021-12-25 11:16:25,445] {taskinstance.py:851} INFO - Dependencies all met for <TaskInstance: survey.myfunction 2021-12-24T00:00:00+00:00 [queued]>
[2021-12-25 11:16:25,667] {taskinstance.py:851} INFO - Dependencies all met for <TaskInstance: survey.myfunction 2021-12-24T00:00:00+00:00 [queued]>
[2021-12-25 11:16:25,678] {taskinstance.py:1042} INFO - 
--------------------------------------------------------------------------------
[2021-12-25 11:16:25,680] {taskinstance.py:1043} INFO - Starting attempt 1 of 1
[2021-12-25 11:16:25,693] {taskinstance.py:1044} INFO - 
--------------------------------------------------------------------------------
[2021-12-25 11:16:25,844] {taskinstance.py:1063} INFO - Executing <Task(PythonOperator): myfunction> on 2021-12-24T00:00:00+00:00
[2021-12-25 11:16:25,892] {standard_task_runner.py:52} INFO - Started process 40 to run task
[2021-12-25 11:16:25,928] {standard_task_runner.py:76} INFO - Running: ['airflow', 'tasks', 'run', 'survey', 'myfunction', '2021-12-24T00:00:00+00:00', '--job-id', '181', '--pool', 'default_pool', '--raw', '--subdir', 'DAGS_FOLDER/survey.py', '--cfg-path', '/tmp/tmpahww1llu', '--error-file', '/tmp/tmp_tojdi81']
[2021-12-25 11:16:25,930] {standard_task_runner.py:77} INFO - Job 181: Subtask myfunction
[2021-12-25 11:16:26,252] {logging_mixin.py:104} INFO - Running <TaskInstance: survey.myfunction 2021-12-24T00:00:00+00:00 [running]> on host e1668ec19f6d
[2021-12-25 11:16:26,638] {taskinstance.py:1257} INFO - Exporting the following env vars:
AIRFLOW_CTX_DAG_OWNER=airflow
AIRFLOW_CTX_DAG_ID=survey
AIRFLOW_CTX_TASK_ID=myfunction
AIRFLOW_CTX_EXECUTION_DATE=2021-12-24T00:00:00+00:00
AIRFLOW_CTX_DAG_RUN_ID=scheduled__2021-12-24T00:00:00+00:00
[2021-12-25 11:16:26,730] {python.py:118} INFO - Done. Returned value was: None
[2021-12-25 11:16:26,823] {taskinstance.py:1166} INFO - Marking task as SUCCESS. dag_id=survey, task_id=myfunction, execution_date=20211224T000000, start_date=20211225T111625, end_date=20211225T111626
[2021-12-25 11:16:27,153] {taskinstance.py:1220} INFO - 1 downstream tasks scheduled from follow-on schedule check
[2021-12-25 11:16:27,229] {local_task_job.py:146} INFO - Task exited with return code 0
