[2021-12-24 12:06:32,452] {taskinstance.py:851} INFO - Dependencies all met for <TaskInstance: classification.check_data_exist 2021-12-24T12:01:24.100575+00:00 [queued]>
[2021-12-24 12:06:32,494] {taskinstance.py:851} INFO - Dependencies all met for <TaskInstance: classification.check_data_exist 2021-12-24T12:01:24.100575+00:00 [queued]>
[2021-12-24 12:06:32,495] {taskinstance.py:1042} INFO - 
--------------------------------------------------------------------------------
[2021-12-24 12:06:32,495] {taskinstance.py:1043} INFO - Starting attempt 1 of 2
[2021-12-24 12:06:32,496] {taskinstance.py:1044} INFO - 
--------------------------------------------------------------------------------
[2021-12-24 12:06:32,539] {taskinstance.py:1063} INFO - Executing <Task(BranchPythonOperator): check_data_exist> on 2021-12-24T12:01:24.100575+00:00
[2021-12-24 12:06:32,580] {standard_task_runner.py:52} INFO - Started process 2077 to run task
[2021-12-24 12:06:32,604] {standard_task_runner.py:76} INFO - Running: ['airflow', 'tasks', 'run', 'classification', 'check_data_exist', '2021-12-24T12:01:24.100575+00:00', '--job-id', '172', '--pool', 'default_pool', '--raw', '--subdir', 'DAGS_FOLDER/classification.py', '--cfg-path', '/tmp/tmpkqxqarnf', '--error-file', '/tmp/tmp3neb70wz']
[2021-12-24 12:06:32,618] {standard_task_runner.py:77} INFO - Job 172: Subtask check_data_exist
[2021-12-24 12:06:32,752] {logging_mixin.py:104} INFO - Running <TaskInstance: classification.check_data_exist 2021-12-24T12:01:24.100575+00:00 [running]> on host 0d76f33c6135
[2021-12-24 12:06:32,853] {taskinstance.py:1257} INFO - Exporting the following env vars:
AIRFLOW_CTX_DAG_OWNER=airflow
AIRFLOW_CTX_DAG_ID=classification
AIRFLOW_CTX_TASK_ID=check_data_exist
AIRFLOW_CTX_EXECUTION_DATE=2021-12-24T12:01:24.100575+00:00
AIRFLOW_CTX_DAG_RUN_ID=scheduled__2021-12-24T12:01:24.100575+00:00
[2021-12-24 12:06:32,895] {python.py:118} INFO - Done. Returned value was: end
[2021-12-24 12:06:32,896] {skipmixin.py:124} INFO - Following branch end
[2021-12-24 12:06:32,911] {skipmixin.py:155} INFO - Skipping tasks ['load_data']
[2021-12-24 12:06:33,059] {taskinstance.py:1166} INFO - Marking task as SUCCESS. dag_id=classification, task_id=check_data_exist, execution_date=20211224T120124, start_date=20211224T120632, end_date=20211224T120633
[2021-12-24 12:06:33,212] {taskinstance.py:1220} INFO - 0 downstream tasks scheduled from follow-on schedule check
[2021-12-24 12:06:33,260] {local_task_job.py:146} INFO - Task exited with return code 0
