[2021-12-25 11:07:17,211] {taskinstance.py:851} INFO - Dependencies all met for <TaskInstance: classification.check_data_exist 2021-12-25T10:58:48.961215+00:00 [queued]>
[2021-12-25 11:07:17,279] {taskinstance.py:851} INFO - Dependencies all met for <TaskInstance: classification.check_data_exist 2021-12-25T10:58:48.961215+00:00 [queued]>
[2021-12-25 11:07:17,281] {taskinstance.py:1042} INFO - 
--------------------------------------------------------------------------------
[2021-12-25 11:07:17,283] {taskinstance.py:1043} INFO - Starting attempt 1 of 2
[2021-12-25 11:07:17,284] {taskinstance.py:1044} INFO - 
--------------------------------------------------------------------------------
[2021-12-25 11:07:17,373] {taskinstance.py:1063} INFO - Executing <Task(BranchPythonOperator): check_data_exist> on 2021-12-25T10:58:48.961215+00:00
[2021-12-25 11:07:17,418] {standard_task_runner.py:52} INFO - Started process 39 to run task
[2021-12-25 11:07:17,541] {standard_task_runner.py:76} INFO - Running: ['airflow', 'tasks', 'run', 'classification', 'check_data_exist', '2021-12-25T10:58:48.961215+00:00', '--job-id', '178', '--pool', 'default_pool', '--raw', '--subdir', 'DAGS_FOLDER/classification.py', '--cfg-path', '/tmp/tmpyfyd99km', '--error-file', '/tmp/tmpj6d3s6kw']
[2021-12-25 11:07:17,607] {standard_task_runner.py:77} INFO - Job 178: Subtask check_data_exist
[2021-12-25 11:07:17,960] {logging_mixin.py:104} INFO - Running <TaskInstance: classification.check_data_exist 2021-12-25T10:58:48.961215+00:00 [running]> on host cc312d20ac57
[2021-12-25 11:07:18,132] {taskinstance.py:1257} INFO - Exporting the following env vars:
AIRFLOW_CTX_DAG_OWNER=airflow
AIRFLOW_CTX_DAG_ID=classification
AIRFLOW_CTX_TASK_ID=check_data_exist
AIRFLOW_CTX_EXECUTION_DATE=2021-12-25T10:58:48.961215+00:00
AIRFLOW_CTX_DAG_RUN_ID=scheduled__2021-12-25T10:58:48.961215+00:00
[2021-12-25 11:07:18,196] {python.py:118} INFO - Done. Returned value was: end
[2021-12-25 11:07:18,199] {skipmixin.py:124} INFO - Following branch end
[2021-12-25 11:07:18,236] {skipmixin.py:155} INFO - Skipping tasks ['load_data']
[2021-12-25 11:07:18,406] {taskinstance.py:1166} INFO - Marking task as SUCCESS. dag_id=classification, task_id=check_data_exist, execution_date=20211225T105848, start_date=20211225T110717, end_date=20211225T110718
[2021-12-25 11:07:18,829] {taskinstance.py:1220} INFO - 0 downstream tasks scheduled from follow-on schedule check
[2021-12-25 11:07:19,074] {local_task_job.py:146} INFO - Task exited with return code 0
