[2021-12-25 10:54:33,424] {taskinstance.py:851} INFO - Dependencies all met for <TaskInstance: classification.check_data_exist 2021-12-24T12:06:24.100575+00:00 [queued]>
[2021-12-25 10:54:33,560] {taskinstance.py:851} INFO - Dependencies all met for <TaskInstance: classification.check_data_exist 2021-12-24T12:06:24.100575+00:00 [queued]>
[2021-12-25 10:54:33,562] {taskinstance.py:1042} INFO - 
--------------------------------------------------------------------------------
[2021-12-25 10:54:33,563] {taskinstance.py:1043} INFO - Starting attempt 1 of 2
[2021-12-25 10:54:33,576] {taskinstance.py:1044} INFO - 
--------------------------------------------------------------------------------
[2021-12-25 10:54:33,667] {taskinstance.py:1063} INFO - Executing <Task(BranchPythonOperator): check_data_exist> on 2021-12-24T12:06:24.100575+00:00
[2021-12-25 10:54:33,703] {standard_task_runner.py:52} INFO - Started process 43 to run task
[2021-12-25 10:54:33,734] {standard_task_runner.py:76} INFO - Running: ['airflow', 'tasks', 'run', 'classification', 'check_data_exist', '2021-12-24T12:06:24.100575+00:00', '--job-id', '175', '--pool', 'default_pool', '--raw', '--subdir', 'DAGS_FOLDER/classification.py', '--cfg-path', '/tmp/tmpa1c15ynl', '--error-file', '/tmp/tmprw73mece']
[2021-12-25 10:54:33,795] {standard_task_runner.py:77} INFO - Job 175: Subtask check_data_exist
[2021-12-25 10:54:34,385] {logging_mixin.py:104} INFO - Running <TaskInstance: classification.check_data_exist 2021-12-24T12:06:24.100575+00:00 [running]> on host 7c1ef097c2e1
[2021-12-25 10:54:34,984] {taskinstance.py:1257} INFO - Exporting the following env vars:
AIRFLOW_CTX_DAG_OWNER=airflow
AIRFLOW_CTX_DAG_ID=classification
AIRFLOW_CTX_TASK_ID=check_data_exist
AIRFLOW_CTX_EXECUTION_DATE=2021-12-24T12:06:24.100575+00:00
AIRFLOW_CTX_DAG_RUN_ID=scheduled__2021-12-24T12:06:24.100575+00:00
[2021-12-25 10:54:35,238] {python.py:118} INFO - Done. Returned value was: end
[2021-12-25 10:54:35,239] {skipmixin.py:124} INFO - Following branch end
[2021-12-25 10:54:35,380] {skipmixin.py:155} INFO - Skipping tasks ['load_data']
[2021-12-25 10:54:35,939] {taskinstance.py:1166} INFO - Marking task as SUCCESS. dag_id=classification, task_id=check_data_exist, execution_date=20211224T120624, start_date=20211225T105433, end_date=20211225T105435
[2021-12-25 10:54:36,146] {taskinstance.py:1220} INFO - 0 downstream tasks scheduled from follow-on schedule check
[2021-12-25 10:54:36,181] {local_task_job.py:146} INFO - Task exited with return code 0
