[2021-12-25 10:58:55,271] {taskinstance.py:851} INFO - Dependencies all met for <TaskInstance: classification.check_data_exist 2021-12-25T10:53:48.961215+00:00 [queued]>
[2021-12-25 10:58:55,296] {taskinstance.py:851} INFO - Dependencies all met for <TaskInstance: classification.check_data_exist 2021-12-25T10:53:48.961215+00:00 [queued]>
[2021-12-25 10:58:55,297] {taskinstance.py:1042} INFO - 
--------------------------------------------------------------------------------
[2021-12-25 10:58:55,297] {taskinstance.py:1043} INFO - Starting attempt 1 of 2
[2021-12-25 10:58:55,297] {taskinstance.py:1044} INFO - 
--------------------------------------------------------------------------------
[2021-12-25 10:58:55,318] {taskinstance.py:1063} INFO - Executing <Task(BranchPythonOperator): check_data_exist> on 2021-12-25T10:53:48.961215+00:00
[2021-12-25 10:58:55,325] {standard_task_runner.py:52} INFO - Started process 45 to run task
[2021-12-25 10:58:55,332] {standard_task_runner.py:76} INFO - Running: ['airflow', 'tasks', 'run', 'classification', 'check_data_exist', '2021-12-25T10:53:48.961215+00:00', '--job-id', '176', '--pool', 'default_pool', '--raw', '--subdir', 'DAGS_FOLDER/classification.py', '--cfg-path', '/tmp/tmppkj_6ed7', '--error-file', '/tmp/tmp0dihah_x']
[2021-12-25 10:58:55,339] {standard_task_runner.py:77} INFO - Job 176: Subtask check_data_exist
[2021-12-25 10:58:55,404] {logging_mixin.py:104} INFO - Running <TaskInstance: classification.check_data_exist 2021-12-25T10:53:48.961215+00:00 [running]> on host 7c1ef097c2e1
[2021-12-25 10:58:55,459] {taskinstance.py:1257} INFO - Exporting the following env vars:
AIRFLOW_CTX_DAG_OWNER=airflow
AIRFLOW_CTX_DAG_ID=classification
AIRFLOW_CTX_TASK_ID=check_data_exist
AIRFLOW_CTX_EXECUTION_DATE=2021-12-25T10:53:48.961215+00:00
AIRFLOW_CTX_DAG_RUN_ID=scheduled__2021-12-25T10:53:48.961215+00:00
[2021-12-25 10:58:55,481] {python.py:118} INFO - Done. Returned value was: end
[2021-12-25 10:58:55,481] {skipmixin.py:124} INFO - Following branch end
[2021-12-25 10:58:55,492] {skipmixin.py:155} INFO - Skipping tasks ['load_data']
[2021-12-25 10:58:55,568] {taskinstance.py:1166} INFO - Marking task as SUCCESS. dag_id=classification, task_id=check_data_exist, execution_date=20211225T105348, start_date=20211225T105855, end_date=20211225T105855
[2021-12-25 10:58:55,638] {taskinstance.py:1220} INFO - 0 downstream tasks scheduled from follow-on schedule check
[2021-12-25 10:58:55,662] {local_task_job.py:146} INFO - Task exited with return code 0
