[2021-12-25 11:20:57,810] {taskinstance.py:851} INFO - Dependencies all met for <TaskInstance: survey.myfunction 2021-12-25T11:20:54.658937+00:00 [queued]>
[2021-12-25 11:20:57,857] {taskinstance.py:851} INFO - Dependencies all met for <TaskInstance: survey.myfunction 2021-12-25T11:20:54.658937+00:00 [queued]>
[2021-12-25 11:20:57,858] {taskinstance.py:1042} INFO - 
--------------------------------------------------------------------------------
[2021-12-25 11:20:57,858] {taskinstance.py:1043} INFO - Starting attempt 1 of 1
[2021-12-25 11:20:57,859] {taskinstance.py:1044} INFO - 
--------------------------------------------------------------------------------
[2021-12-25 11:20:57,902] {taskinstance.py:1063} INFO - Executing <Task(PythonOperator): myfunction> on 2021-12-25T11:20:54.658937+00:00
[2021-12-25 11:20:57,937] {standard_task_runner.py:52} INFO - Started process 49 to run task
[2021-12-25 11:20:57,948] {standard_task_runner.py:76} INFO - Running: ['airflow', 'tasks', 'run', 'survey', 'myfunction', '2021-12-25T11:20:54.658937+00:00', '--job-id', '184', '--pool', 'default_pool', '--raw', '--subdir', 'DAGS_FOLDER/survey.py', '--cfg-path', '/tmp/tmpfhytvht8', '--error-file', '/tmp/tmprqv31p1b']
[2021-12-25 11:20:57,960] {standard_task_runner.py:77} INFO - Job 184: Subtask myfunction
[2021-12-25 11:20:58,085] {logging_mixin.py:104} INFO - Running <TaskInstance: survey.myfunction 2021-12-25T11:20:54.658937+00:00 [running]> on host e1668ec19f6d
[2021-12-25 11:20:58,187] {taskinstance.py:1257} INFO - Exporting the following env vars:
AIRFLOW_CTX_DAG_OWNER=airflow
AIRFLOW_CTX_DAG_ID=survey
AIRFLOW_CTX_TASK_ID=myfunction
AIRFLOW_CTX_EXECUTION_DATE=2021-12-25T11:20:54.658937+00:00
AIRFLOW_CTX_DAG_RUN_ID=manual__2021-12-25T11:20:54.658937+00:00
[2021-12-25 11:20:58,822] {python.py:118} INFO - Done. Returned value was: None
[2021-12-25 11:20:58,874] {taskinstance.py:1166} INFO - Marking task as SUCCESS. dag_id=survey, task_id=myfunction, execution_date=20211225T112054, start_date=20211225T112057, end_date=20211225T112058
[2021-12-25 11:20:58,986] {taskinstance.py:1220} INFO - 1 downstream tasks scheduled from follow-on schedule check
[2021-12-25 11:20:59,013] {local_task_job.py:146} INFO - Task exited with return code 0
