[2021-12-25 11:22:39,250] {taskinstance.py:851} INFO - Dependencies all met for <TaskInstance: survey.myfunction 2021-12-25T11:22:36.548205+00:00 [queued]>
[2021-12-25 11:22:39,291] {taskinstance.py:851} INFO - Dependencies all met for <TaskInstance: survey.myfunction 2021-12-25T11:22:36.548205+00:00 [queued]>
[2021-12-25 11:22:39,292] {taskinstance.py:1042} INFO - 
--------------------------------------------------------------------------------
[2021-12-25 11:22:39,293] {taskinstance.py:1043} INFO - Starting attempt 1 of 1
[2021-12-25 11:22:39,293] {taskinstance.py:1044} INFO - 
--------------------------------------------------------------------------------
[2021-12-25 11:22:39,311] {taskinstance.py:1063} INFO - Executing <Task(PythonOperator): myfunction> on 2021-12-25T11:22:36.548205+00:00
[2021-12-25 11:22:39,317] {standard_task_runner.py:52} INFO - Started process 59 to run task
[2021-12-25 11:22:39,325] {standard_task_runner.py:76} INFO - Running: ['airflow', 'tasks', 'run', 'survey', 'myfunction', '2021-12-25T11:22:36.548205+00:00', '--job-id', '186', '--pool', 'default_pool', '--raw', '--subdir', 'DAGS_FOLDER/survey.py', '--cfg-path', '/tmp/tmpgro8z9i9', '--error-file', '/tmp/tmp72d4sd9l']
[2021-12-25 11:22:39,326] {standard_task_runner.py:77} INFO - Job 186: Subtask myfunction
[2021-12-25 11:22:39,429] {logging_mixin.py:104} INFO - Running <TaskInstance: survey.myfunction 2021-12-25T11:22:36.548205+00:00 [running]> on host e1668ec19f6d
[2021-12-25 11:22:39,522] {taskinstance.py:1257} INFO - Exporting the following env vars:
AIRFLOW_CTX_DAG_OWNER=airflow
AIRFLOW_CTX_DAG_ID=survey
AIRFLOW_CTX_TASK_ID=myfunction
AIRFLOW_CTX_EXECUTION_DATE=2021-12-25T11:22:36.548205+00:00
AIRFLOW_CTX_DAG_RUN_ID=manual__2021-12-25T11:22:36.548205+00:00
[2021-12-25 11:22:40,838] {python.py:118} INFO - Done. Returned value was: None
[2021-12-25 11:22:40,933] {taskinstance.py:1166} INFO - Marking task as SUCCESS. dag_id=survey, task_id=myfunction, execution_date=20211225T112236, start_date=20211225T112239, end_date=20211225T112240
[2021-12-25 11:22:41,201] {taskinstance.py:1220} INFO - 1 downstream tasks scheduled from follow-on schedule check
[2021-12-25 11:22:41,336] {local_task_job.py:146} INFO - Task exited with return code 0
