[2021-12-25 11:43:12,411] {taskinstance.py:851} INFO - Dependencies all met for <TaskInstance: data_transform.connect_minio 2021-12-25T11:42:56.073270+00:00 [queued]>
[2021-12-25 11:43:12,437] {taskinstance.py:851} INFO - Dependencies all met for <TaskInstance: data_transform.connect_minio 2021-12-25T11:42:56.073270+00:00 [queued]>
[2021-12-25 11:43:12,438] {taskinstance.py:1042} INFO - 
--------------------------------------------------------------------------------
[2021-12-25 11:43:12,439] {taskinstance.py:1043} INFO - Starting attempt 1 of 1
[2021-12-25 11:43:12,439] {taskinstance.py:1044} INFO - 
--------------------------------------------------------------------------------
[2021-12-25 11:43:12,457] {taskinstance.py:1063} INFO - Executing <Task(PythonOperator): connect_minio> on 2021-12-25T11:42:56.073270+00:00
[2021-12-25 11:43:12,463] {standard_task_runner.py:52} INFO - Started process 58 to run task
[2021-12-25 11:43:12,470] {standard_task_runner.py:76} INFO - Running: ['airflow', 'tasks', 'run', 'data_transform', 'connect_minio', '2021-12-25T11:42:56.073270+00:00', '--job-id', '194', '--pool', 'default_pool', '--raw', '--subdir', 'DAGS_FOLDER/data_transform.py', '--cfg-path', '/tmp/tmpk79juka7', '--error-file', '/tmp/tmphzy9lp0c']
[2021-12-25 11:43:12,471] {standard_task_runner.py:77} INFO - Job 194: Subtask connect_minio
[2021-12-25 11:43:12,539] {logging_mixin.py:104} INFO - Running <TaskInstance: data_transform.connect_minio 2021-12-25T11:42:56.073270+00:00 [running]> on host 9b47502ca6d8
[2021-12-25 11:43:12,594] {taskinstance.py:1257} INFO - Exporting the following env vars:
AIRFLOW_CTX_DAG_OWNER=airflow
AIRFLOW_CTX_DAG_ID=data_transform
AIRFLOW_CTX_TASK_ID=connect_minio
AIRFLOW_CTX_EXECUTION_DATE=2021-12-25T11:42:56.073270+00:00
AIRFLOW_CTX_DAG_RUN_ID=manual__2021-12-25T11:42:56.073270+00:00
[2021-12-25 11:43:13,262] {logging_mixin.py:104} INFO - \60667c4c80a467001c362a86/bigram.txt None
[2021-12-25 11:43:13,297] {logging_mixin.py:104} INFO - \60667c4c80a467001c362a86/trigram.txt None
[2021-12-25 11:43:13,339] {logging_mixin.py:104} INFO - \60667c4c80a467001c362a86/unigram.txt None
[2021-12-25 11:43:13,373] {logging_mixin.py:104} INFO - \60667c5980a467001c362a87/bigram.txt None
[2021-12-25 11:43:13,565] {logging_mixin.py:104} INFO - \60667c5980a467001c362a87/trigram.txt None
[2021-12-25 11:43:13,639] {logging_mixin.py:104} INFO - \60667c5980a467001c362a87/unigram.txt None
[2021-12-25 11:43:13,695] {logging_mixin.py:104} INFO - \60667c6380a467001c362a88/bigram.txt None
[2021-12-25 11:43:13,786] {logging_mixin.py:104} INFO - \60667c6380a467001c362a88/trigram.txt None
[2021-12-25 11:43:13,845] {logging_mixin.py:104} INFO - \60667c6380a467001c362a88/unigram.txt None
[2021-12-25 11:43:13,879] {logging_mixin.py:104} INFO - \60667d1480a467001c362a95/bigram.txt None
[2021-12-25 11:43:13,954] {logging_mixin.py:104} INFO - \60667d1480a467001c362a95/trigram.txt None
[2021-12-25 11:43:13,999] {logging_mixin.py:104} INFO - \60667d1480a467001c362a95/unigram.txt None
[2021-12-25 11:43:14,051] {logging_mixin.py:104} INFO - \606759aed9c559001ce9b6cf/bigram.txt None
[2021-12-25 11:43:14,187] {logging_mixin.py:104} INFO - \606759aed9c559001ce9b6cf/trigram.txt None
[2021-12-25 11:43:14,410] {logging_mixin.py:104} INFO - \606759aed9c559001ce9b6cf/unigram.txt None
[2021-12-25 11:43:14,441] {python.py:118} INFO - Done. Returned value was: None
[2021-12-25 11:43:14,572] {taskinstance.py:1166} INFO - Marking task as SUCCESS. dag_id=data_transform, task_id=connect_minio, execution_date=20211225T114256, start_date=20211225T114312, end_date=20211225T114314
[2021-12-25 11:43:14,895] {taskinstance.py:1220} INFO - 1 downstream tasks scheduled from follow-on schedule check
[2021-12-25 11:43:15,008] {local_task_job.py:146} INFO - Task exited with return code 0
