[2021-12-25 10:54:33,348] {taskinstance.py:851} INFO - Dependencies all met for <TaskInstance: classification.check_data_exist 2021-12-25T10:48:48.961215+00:00 [queued]>
[2021-12-25 10:54:33,536] {taskinstance.py:851} INFO - Dependencies all met for <TaskInstance: classification.check_data_exist 2021-12-25T10:48:48.961215+00:00 [queued]>
[2021-12-25 10:54:33,550] {taskinstance.py:1042} INFO - 
--------------------------------------------------------------------------------
[2021-12-25 10:54:33,555] {taskinstance.py:1043} INFO - Starting attempt 1 of 2
[2021-12-25 10:54:33,562] {taskinstance.py:1044} INFO - 
--------------------------------------------------------------------------------
[2021-12-25 10:54:33,617] {taskinstance.py:1063} INFO - Executing <Task(BranchPythonOperator): check_data_exist> on 2021-12-25T10:48:48.961215+00:00
[2021-12-25 10:54:33,649] {standard_task_runner.py:52} INFO - Started process 42 to run task
[2021-12-25 10:54:33,766] {standard_task_runner.py:76} INFO - Running: ['airflow', 'tasks', 'run', 'classification', 'check_data_exist', '2021-12-25T10:48:48.961215+00:00', '--job-id', '174', '--pool', 'default_pool', '--raw', '--subdir', 'DAGS_FOLDER/classification.py', '--cfg-path', '/tmp/tmpvhv9w00m', '--error-file', '/tmp/tmpn5zcs1t9']
[2021-12-25 10:54:33,885] {standard_task_runner.py:77} INFO - Job 174: Subtask check_data_exist
[2021-12-25 10:54:34,408] {logging_mixin.py:104} INFO - Running <TaskInstance: classification.check_data_exist 2021-12-25T10:48:48.961215+00:00 [running]> on host 7c1ef097c2e1
[2021-12-25 10:54:34,982] {taskinstance.py:1257} INFO - Exporting the following env vars:
AIRFLOW_CTX_DAG_OWNER=airflow
AIRFLOW_CTX_DAG_ID=classification
AIRFLOW_CTX_TASK_ID=check_data_exist
AIRFLOW_CTX_EXECUTION_DATE=2021-12-25T10:48:48.961215+00:00
AIRFLOW_CTX_DAG_RUN_ID=scheduled__2021-12-25T10:48:48.961215+00:00
[2021-12-25 10:54:35,259] {python.py:118} INFO - Done. Returned value was: end
[2021-12-25 10:54:35,261] {skipmixin.py:124} INFO - Following branch end
[2021-12-25 10:54:35,392] {skipmixin.py:155} INFO - Skipping tasks ['load_data']
[2021-12-25 10:54:35,956] {taskinstance.py:1166} INFO - Marking task as SUCCESS. dag_id=classification, task_id=check_data_exist, execution_date=20211225T104848, start_date=20211225T105433, end_date=20211225T105435
[2021-12-25 10:54:36,174] {taskinstance.py:1220} INFO - 0 downstream tasks scheduled from follow-on schedule check
[2021-12-25 10:54:36,247] {local_task_job.py:146} INFO - Task exited with return code 0
