[2021-12-25 11:11:28,826] {scheduler_job.py:182} INFO - Started process (PID=54) to work on /opt/airflow/dags/survey.py
[2021-12-25 11:11:28,829] {scheduler_job.py:629} INFO - Processing file /opt/airflow/dags/survey.py for tasks to queue
[2021-12-25 11:11:28,831] {logging_mixin.py:104} INFO - [2021-12-25 11:11:28,830] {dagbag.py:448} INFO - Filling up the DagBag from /opt/airflow/dags/survey.py
[2021-12-25 11:11:28,930] {logging_mixin.py:104} INFO - [2021-12-25 11:11:28,914] {dagbag.py:305} ERROR - Failed to import: /opt/airflow/dags/survey.py
Traceback (most recent call last):
  File "/home/airflow/.local/lib/python3.6/site-packages/airflow/models/dagbag.py", line 302, in _load_modules_from_file
    loader.exec_module(new_module)
  File "<frozen importlib._bootstrap_external>", line 678, in exec_module
  File "<frozen importlib._bootstrap>", line 219, in _call_with_frames_removed
  File "/opt/airflow/dags/survey.py", line 7, in <module>
    from pymongo import MongoClient
ModuleNotFoundError: No module named 'pymongo'
[2021-12-25 11:11:28,949] {scheduler_job.py:641} WARNING - No viable dags retrieved from /opt/airflow/dags/survey.py
[2021-12-25 11:11:29,055] {scheduler_job.py:190} INFO - Processing /opt/airflow/dags/survey.py took 0.238 seconds
[2021-12-25 11:11:59,405] {scheduler_job.py:182} INFO - Started process (PID=61) to work on /opt/airflow/dags/survey.py
[2021-12-25 11:11:59,438] {scheduler_job.py:629} INFO - Processing file /opt/airflow/dags/survey.py for tasks to queue
[2021-12-25 11:11:59,454] {logging_mixin.py:104} INFO - [2021-12-25 11:11:59,454] {dagbag.py:448} INFO - Filling up the DagBag from /opt/airflow/dags/survey.py
[2021-12-25 11:11:59,761] {logging_mixin.py:104} INFO - [2021-12-25 11:11:59,730] {dagbag.py:305} ERROR - Failed to import: /opt/airflow/dags/survey.py
Traceback (most recent call last):
  File "/home/airflow/.local/lib/python3.6/site-packages/airflow/models/dagbag.py", line 302, in _load_modules_from_file
    loader.exec_module(new_module)
  File "<frozen importlib._bootstrap_external>", line 678, in exec_module
  File "<frozen importlib._bootstrap>", line 219, in _call_with_frames_removed
  File "/opt/airflow/dags/survey.py", line 7, in <module>
    from pymongo import MongoClient
ModuleNotFoundError: No module named 'pymongo'
[2021-12-25 11:11:59,790] {scheduler_job.py:641} WARNING - No viable dags retrieved from /opt/airflow/dags/survey.py
[2021-12-25 11:11:59,859] {scheduler_job.py:190} INFO - Processing /opt/airflow/dags/survey.py took 0.475 seconds
[2021-12-25 11:12:30,068] {scheduler_job.py:182} INFO - Started process (PID=68) to work on /opt/airflow/dags/survey.py
[2021-12-25 11:12:30,071] {scheduler_job.py:629} INFO - Processing file /opt/airflow/dags/survey.py for tasks to queue
[2021-12-25 11:12:30,072] {logging_mixin.py:104} INFO - [2021-12-25 11:12:30,072] {dagbag.py:448} INFO - Filling up the DagBag from /opt/airflow/dags/survey.py
[2021-12-25 11:12:30,121] {logging_mixin.py:104} INFO - [2021-12-25 11:12:30,116] {dagbag.py:305} ERROR - Failed to import: /opt/airflow/dags/survey.py
Traceback (most recent call last):
  File "/home/airflow/.local/lib/python3.6/site-packages/airflow/models/dagbag.py", line 302, in _load_modules_from_file
    loader.exec_module(new_module)
  File "<frozen importlib._bootstrap_external>", line 678, in exec_module
  File "<frozen importlib._bootstrap>", line 219, in _call_with_frames_removed
  File "/opt/airflow/dags/survey.py", line 7, in <module>
    from pymongo import MongoClient
ModuleNotFoundError: No module named 'pymongo'
[2021-12-25 11:12:30,128] {scheduler_job.py:641} WARNING - No viable dags retrieved from /opt/airflow/dags/survey.py
[2021-12-25 11:12:30,163] {scheduler_job.py:190} INFO - Processing /opt/airflow/dags/survey.py took 0.103 seconds
[2021-12-25 11:14:24,046] {scheduler_job.py:182} INFO - Started process (PID=22) to work on /opt/airflow/dags/survey.py
[2021-12-25 11:14:24,049] {scheduler_job.py:629} INFO - Processing file /opt/airflow/dags/survey.py for tasks to queue
[2021-12-25 11:14:24,059] {logging_mixin.py:104} INFO - [2021-12-25 11:14:24,058] {dagbag.py:448} INFO - Filling up the DagBag from /opt/airflow/dags/survey.py
[2021-12-25 11:14:30,670] {logging_mixin.py:104} WARNING - /home/airflow/.local/lib/python3.6/site-packages/airflow/utils/decorators.py:94 DeprecationWarning: provide_context is deprecated as of 2.0 and is no longer required
[2021-12-25 11:14:30,928] {scheduler_job.py:639} INFO - DAG(s) dict_keys(['survey']) retrieved from /opt/airflow/dags/survey.py
[2021-12-25 11:14:31,073] {logging_mixin.py:104} INFO - [2021-12-25 11:14:31,072] {dag.py:1818} INFO - Sync 1 DAGs
[2021-12-25 11:14:31,156] {logging_mixin.py:104} INFO - [2021-12-25 11:14:31,156] {dag.py:1837} INFO - Creating ORM DAG for survey
[2021-12-25 11:14:31,265] {logging_mixin.py:104} INFO - [2021-12-25 11:14:31,265] {dag.py:2273} INFO - Setting next_dagrun for survey to 2021-12-24 00:00:00+00:00
[2021-12-25 11:14:31,383] {scheduler_job.py:190} INFO - Processing /opt/airflow/dags/survey.py took 7.375 seconds
[2021-12-25 11:15:01,626] {scheduler_job.py:182} INFO - Started process (PID=29) to work on /opt/airflow/dags/survey.py
[2021-12-25 11:15:01,633] {scheduler_job.py:629} INFO - Processing file /opt/airflow/dags/survey.py for tasks to queue
[2021-12-25 11:15:01,636] {logging_mixin.py:104} INFO - [2021-12-25 11:15:01,635] {dagbag.py:448} INFO - Filling up the DagBag from /opt/airflow/dags/survey.py
[2021-12-25 11:15:02,635] {logging_mixin.py:104} WARNING - /home/airflow/.local/lib/python3.6/site-packages/airflow/utils/decorators.py:94 DeprecationWarning: provide_context is deprecated as of 2.0 and is no longer required
[2021-12-25 11:15:02,649] {scheduler_job.py:639} INFO - DAG(s) dict_keys(['survey']) retrieved from /opt/airflow/dags/survey.py
[2021-12-25 11:15:02,706] {logging_mixin.py:104} INFO - [2021-12-25 11:15:02,706] {dag.py:1818} INFO - Sync 1 DAGs
[2021-12-25 11:15:02,779] {logging_mixin.py:104} INFO - [2021-12-25 11:15:02,779] {dag.py:2273} INFO - Setting next_dagrun for survey to 2021-12-24 00:00:00+00:00
[2021-12-25 11:15:02,798] {scheduler_job.py:190} INFO - Processing /opt/airflow/dags/survey.py took 1.183 seconds
[2021-12-25 11:15:34,506] {scheduler_job.py:182} INFO - Started process (PID=33) to work on /opt/airflow/dags/survey.py
[2021-12-25 11:15:34,530] {scheduler_job.py:629} INFO - Processing file /opt/airflow/dags/survey.py for tasks to queue
[2021-12-25 11:15:34,532] {logging_mixin.py:104} INFO - [2021-12-25 11:15:34,532] {dagbag.py:448} INFO - Filling up the DagBag from /opt/airflow/dags/survey.py
[2021-12-25 11:15:37,724] {logging_mixin.py:104} WARNING - /home/airflow/.local/lib/python3.6/site-packages/airflow/utils/decorators.py:94 DeprecationWarning: provide_context is deprecated as of 2.0 and is no longer required
[2021-12-25 11:15:37,816] {scheduler_job.py:639} INFO - DAG(s) dict_keys(['survey']) retrieved from /opt/airflow/dags/survey.py
[2021-12-25 11:15:38,039] {logging_mixin.py:104} INFO - [2021-12-25 11:15:38,039] {dag.py:1818} INFO - Sync 1 DAGs
[2021-12-25 11:15:38,367] {logging_mixin.py:104} INFO - [2021-12-25 11:15:38,367] {dag.py:2273} INFO - Setting next_dagrun for survey to 2021-12-24 00:00:00+00:00
[2021-12-25 11:15:38,408] {scheduler_job.py:190} INFO - Processing /opt/airflow/dags/survey.py took 3.923 seconds
[2021-12-25 11:16:10,084] {scheduler_job.py:182} INFO - Started process (PID=39) to work on /opt/airflow/dags/survey.py
[2021-12-25 11:16:10,146] {scheduler_job.py:629} INFO - Processing file /opt/airflow/dags/survey.py for tasks to queue
[2021-12-25 11:16:10,171] {logging_mixin.py:104} INFO - [2021-12-25 11:16:10,170] {dagbag.py:448} INFO - Filling up the DagBag from /opt/airflow/dags/survey.py
[2021-12-25 11:16:24,413] {logging_mixin.py:104} WARNING - /home/airflow/.local/lib/python3.6/site-packages/airflow/utils/decorators.py:94 DeprecationWarning: provide_context is deprecated as of 2.0 and is no longer required
[2021-12-25 11:16:24,516] {scheduler_job.py:639} INFO - DAG(s) dict_keys(['survey']) retrieved from /opt/airflow/dags/survey.py
[2021-12-25 11:16:24,730] {logging_mixin.py:104} INFO - [2021-12-25 11:16:24,730] {dag.py:1818} INFO - Sync 1 DAGs
[2021-12-25 11:16:24,910] {logging_mixin.py:104} INFO - [2021-12-25 11:16:24,910] {dag.py:2273} INFO - Setting next_dagrun for survey to 2021-12-25 00:00:00+00:00
[2021-12-25 11:16:25,024] {scheduler_job.py:190} INFO - Processing /opt/airflow/dags/survey.py took 15.092 seconds
[2021-12-25 11:16:55,518] {scheduler_job.py:182} INFO - Started process (PID=45) to work on /opt/airflow/dags/survey.py
[2021-12-25 11:16:55,537] {scheduler_job.py:629} INFO - Processing file /opt/airflow/dags/survey.py for tasks to queue
[2021-12-25 11:16:55,545] {logging_mixin.py:104} INFO - [2021-12-25 11:16:55,540] {dagbag.py:448} INFO - Filling up the DagBag from /opt/airflow/dags/survey.py
[2021-12-25 11:16:57,446] {logging_mixin.py:104} WARNING - /home/airflow/.local/lib/python3.6/site-packages/airflow/utils/decorators.py:94 DeprecationWarning: provide_context is deprecated as of 2.0 and is no longer required
[2021-12-25 11:16:57,458] {scheduler_job.py:639} INFO - DAG(s) dict_keys(['survey']) retrieved from /opt/airflow/dags/survey.py
[2021-12-25 11:16:57,488] {logging_mixin.py:104} INFO - [2021-12-25 11:16:57,488] {dag.py:1818} INFO - Sync 1 DAGs
[2021-12-25 11:16:57,525] {logging_mixin.py:104} INFO - [2021-12-25 11:16:57,524] {dag.py:2273} INFO - Setting next_dagrun for survey to 2021-12-25 00:00:00+00:00
[2021-12-25 11:16:57,540] {scheduler_job.py:190} INFO - Processing /opt/airflow/dags/survey.py took 2.038 seconds
[2021-12-25 11:17:27,927] {scheduler_job.py:182} INFO - Started process (PID=52) to work on /opt/airflow/dags/survey.py
[2021-12-25 11:17:27,930] {scheduler_job.py:629} INFO - Processing file /opt/airflow/dags/survey.py for tasks to queue
[2021-12-25 11:17:27,932] {logging_mixin.py:104} INFO - [2021-12-25 11:17:27,932] {dagbag.py:448} INFO - Filling up the DagBag from /opt/airflow/dags/survey.py
[2021-12-25 11:17:28,678] {logging_mixin.py:104} WARNING - /home/airflow/.local/lib/python3.6/site-packages/airflow/utils/decorators.py:94 DeprecationWarning: provide_context is deprecated as of 2.0 and is no longer required
[2021-12-25 11:17:28,688] {scheduler_job.py:639} INFO - DAG(s) dict_keys(['survey']) retrieved from /opt/airflow/dags/survey.py
[2021-12-25 11:17:28,711] {logging_mixin.py:104} INFO - [2021-12-25 11:17:28,711] {dag.py:1818} INFO - Sync 1 DAGs
[2021-12-25 11:17:28,741] {logging_mixin.py:104} INFO - [2021-12-25 11:17:28,740] {dag.py:2273} INFO - Setting next_dagrun for survey to 2021-12-25 00:00:00+00:00
[2021-12-25 11:17:28,761] {scheduler_job.py:190} INFO - Processing /opt/airflow/dags/survey.py took 0.839 seconds
[2021-12-25 11:17:59,299] {scheduler_job.py:182} INFO - Started process (PID=56) to work on /opt/airflow/dags/survey.py
[2021-12-25 11:17:59,302] {scheduler_job.py:629} INFO - Processing file /opt/airflow/dags/survey.py for tasks to queue
[2021-12-25 11:17:59,304] {logging_mixin.py:104} INFO - [2021-12-25 11:17:59,304] {dagbag.py:448} INFO - Filling up the DagBag from /opt/airflow/dags/survey.py
[2021-12-25 11:18:00,996] {logging_mixin.py:104} WARNING - /home/airflow/.local/lib/python3.6/site-packages/airflow/utils/decorators.py:94 DeprecationWarning: provide_context is deprecated as of 2.0 and is no longer required
[2021-12-25 11:18:01,030] {scheduler_job.py:639} INFO - DAG(s) dict_keys(['survey']) retrieved from /opt/airflow/dags/survey.py
[2021-12-25 11:18:01,106] {logging_mixin.py:104} INFO - [2021-12-25 11:18:01,106] {dag.py:1818} INFO - Sync 1 DAGs
[2021-12-25 11:18:01,230] {logging_mixin.py:104} INFO - [2021-12-25 11:18:01,229] {dag.py:2273} INFO - Setting next_dagrun for survey to 2021-12-25 00:00:00+00:00
[2021-12-25 11:18:01,256] {scheduler_job.py:190} INFO - Processing /opt/airflow/dags/survey.py took 1.967 seconds
[2021-12-25 11:18:31,517] {scheduler_job.py:182} INFO - Started process (PID=62) to work on /opt/airflow/dags/survey.py
[2021-12-25 11:18:31,520] {scheduler_job.py:629} INFO - Processing file /opt/airflow/dags/survey.py for tasks to queue
[2021-12-25 11:18:31,523] {logging_mixin.py:104} INFO - [2021-12-25 11:18:31,522] {dagbag.py:448} INFO - Filling up the DagBag from /opt/airflow/dags/survey.py
[2021-12-25 11:18:33,200] {logging_mixin.py:104} WARNING - /home/airflow/.local/lib/python3.6/site-packages/airflow/utils/decorators.py:94 DeprecationWarning: provide_context is deprecated as of 2.0 and is no longer required
[2021-12-25 11:18:33,215] {scheduler_job.py:639} INFO - DAG(s) dict_keys(['survey']) retrieved from /opt/airflow/dags/survey.py
[2021-12-25 11:18:33,255] {logging_mixin.py:104} INFO - [2021-12-25 11:18:33,255] {dag.py:1818} INFO - Sync 1 DAGs
[2021-12-25 11:18:33,290] {logging_mixin.py:104} INFO - [2021-12-25 11:18:33,290] {dag.py:2273} INFO - Setting next_dagrun for survey to 2021-12-25 00:00:00+00:00
[2021-12-25 11:18:33,315] {scheduler_job.py:190} INFO - Processing /opt/airflow/dags/survey.py took 1.814 seconds
[2021-12-25 11:19:04,013] {scheduler_job.py:182} INFO - Started process (PID=68) to work on /opt/airflow/dags/survey.py
[2021-12-25 11:19:04,016] {scheduler_job.py:629} INFO - Processing file /opt/airflow/dags/survey.py for tasks to queue
[2021-12-25 11:19:04,019] {logging_mixin.py:104} INFO - [2021-12-25 11:19:04,018] {dagbag.py:448} INFO - Filling up the DagBag from /opt/airflow/dags/survey.py
[2021-12-25 11:19:05,951] {logging_mixin.py:104} WARNING - /home/airflow/.local/lib/python3.6/site-packages/airflow/utils/decorators.py:94 DeprecationWarning: provide_context is deprecated as of 2.0 and is no longer required
[2021-12-25 11:19:05,971] {scheduler_job.py:639} INFO - DAG(s) dict_keys(['survey']) retrieved from /opt/airflow/dags/survey.py
[2021-12-25 11:19:06,139] {logging_mixin.py:104} INFO - [2021-12-25 11:19:06,139] {dag.py:1818} INFO - Sync 1 DAGs
[2021-12-25 11:19:06,244] {logging_mixin.py:104} INFO - [2021-12-25 11:19:06,243] {dag.py:2273} INFO - Setting next_dagrun for survey to 2021-12-25 00:00:00+00:00
[2021-12-25 11:19:06,280] {scheduler_job.py:190} INFO - Processing /opt/airflow/dags/survey.py took 2.275 seconds
[2021-12-25 11:19:36,712] {scheduler_job.py:182} INFO - Started process (PID=75) to work on /opt/airflow/dags/survey.py
[2021-12-25 11:19:36,732] {scheduler_job.py:629} INFO - Processing file /opt/airflow/dags/survey.py for tasks to queue
[2021-12-25 11:19:36,745] {logging_mixin.py:104} INFO - [2021-12-25 11:19:36,745] {dagbag.py:448} INFO - Filling up the DagBag from /opt/airflow/dags/survey.py
[2021-12-25 11:19:38,312] {logging_mixin.py:104} WARNING - /home/airflow/.local/lib/python3.6/site-packages/airflow/utils/decorators.py:94 DeprecationWarning: provide_context is deprecated as of 2.0 and is no longer required
[2021-12-25 11:19:38,324] {scheduler_job.py:639} INFO - DAG(s) dict_keys(['survey']) retrieved from /opt/airflow/dags/survey.py
[2021-12-25 11:19:38,354] {logging_mixin.py:104} INFO - [2021-12-25 11:19:38,354] {dag.py:1818} INFO - Sync 1 DAGs
[2021-12-25 11:19:38,394] {logging_mixin.py:104} INFO - [2021-12-25 11:19:38,394] {dag.py:2273} INFO - Setting next_dagrun for survey to 2021-12-25 00:00:00+00:00
[2021-12-25 11:19:38,410] {scheduler_job.py:190} INFO - Processing /opt/airflow/dags/survey.py took 1.727 seconds
[2021-12-25 11:20:09,038] {scheduler_job.py:182} INFO - Started process (PID=82) to work on /opt/airflow/dags/survey.py
[2021-12-25 11:20:09,042] {scheduler_job.py:629} INFO - Processing file /opt/airflow/dags/survey.py for tasks to queue
[2021-12-25 11:20:09,044] {logging_mixin.py:104} INFO - [2021-12-25 11:20:09,044] {dagbag.py:448} INFO - Filling up the DagBag from /opt/airflow/dags/survey.py
[2021-12-25 11:20:10,299] {logging_mixin.py:104} WARNING - /home/airflow/.local/lib/python3.6/site-packages/airflow/utils/decorators.py:94 DeprecationWarning: provide_context is deprecated as of 2.0 and is no longer required
[2021-12-25 11:20:10,311] {scheduler_job.py:639} INFO - DAG(s) dict_keys(['survey']) retrieved from /opt/airflow/dags/survey.py
[2021-12-25 11:20:10,344] {logging_mixin.py:104} INFO - [2021-12-25 11:20:10,344] {dag.py:1818} INFO - Sync 1 DAGs
[2021-12-25 11:20:10,373] {logging_mixin.py:104} INFO - [2021-12-25 11:20:10,373] {dag.py:2273} INFO - Setting next_dagrun for survey to 2021-12-25 00:00:00+00:00
[2021-12-25 11:20:10,796] {scheduler_job.py:190} INFO - Processing /opt/airflow/dags/survey.py took 1.768 seconds
[2021-12-25 11:20:40,996] {scheduler_job.py:182} INFO - Started process (PID=89) to work on /opt/airflow/dags/survey.py
[2021-12-25 11:20:40,998] {scheduler_job.py:629} INFO - Processing file /opt/airflow/dags/survey.py for tasks to queue
[2021-12-25 11:20:40,999] {logging_mixin.py:104} INFO - [2021-12-25 11:20:40,999] {dagbag.py:448} INFO - Filling up the DagBag from /opt/airflow/dags/survey.py
[2021-12-25 11:20:42,227] {logging_mixin.py:104} WARNING - /home/airflow/.local/lib/python3.6/site-packages/airflow/utils/decorators.py:94 DeprecationWarning: provide_context is deprecated as of 2.0 and is no longer required
[2021-12-25 11:20:42,246] {scheduler_job.py:639} INFO - DAG(s) dict_keys(['survey']) retrieved from /opt/airflow/dags/survey.py
[2021-12-25 11:20:42,295] {logging_mixin.py:104} INFO - [2021-12-25 11:20:42,294] {dag.py:1818} INFO - Sync 1 DAGs
[2021-12-25 11:20:42,363] {logging_mixin.py:104} INFO - [2021-12-25 11:20:42,363] {dag.py:2273} INFO - Setting next_dagrun for survey to 2021-12-25 00:00:00+00:00
[2021-12-25 11:20:42,380] {scheduler_job.py:190} INFO - Processing /opt/airflow/dags/survey.py took 1.391 seconds
[2021-12-25 11:21:14,265] {scheduler_job.py:182} INFO - Started process (PID=96) to work on /opt/airflow/dags/survey.py
[2021-12-25 11:21:14,268] {scheduler_job.py:629} INFO - Processing file /opt/airflow/dags/survey.py for tasks to queue
[2021-12-25 11:21:14,269] {logging_mixin.py:104} INFO - [2021-12-25 11:21:14,269] {dagbag.py:448} INFO - Filling up the DagBag from /opt/airflow/dags/survey.py
[2021-12-25 11:21:15,243] {logging_mixin.py:104} WARNING - /home/airflow/.local/lib/python3.6/site-packages/airflow/utils/decorators.py:94 DeprecationWarning: provide_context is deprecated as of 2.0 and is no longer required
[2021-12-25 11:21:15,254] {scheduler_job.py:639} INFO - DAG(s) dict_keys(['survey']) retrieved from /opt/airflow/dags/survey.py
[2021-12-25 11:21:15,285] {logging_mixin.py:104} INFO - [2021-12-25 11:21:15,285] {dag.py:1818} INFO - Sync 1 DAGs
[2021-12-25 11:21:15,318] {logging_mixin.py:104} INFO - [2021-12-25 11:21:15,318] {dag.py:2273} INFO - Setting next_dagrun for survey to 2021-12-25 00:00:00+00:00
[2021-12-25 11:21:15,334] {scheduler_job.py:190} INFO - Processing /opt/airflow/dags/survey.py took 1.076 seconds
[2021-12-25 11:21:45,453] {scheduler_job.py:182} INFO - Started process (PID=99) to work on /opt/airflow/dags/survey.py
[2021-12-25 11:21:45,458] {scheduler_job.py:629} INFO - Processing file /opt/airflow/dags/survey.py for tasks to queue
[2021-12-25 11:21:45,460] {logging_mixin.py:104} INFO - [2021-12-25 11:21:45,460] {dagbag.py:448} INFO - Filling up the DagBag from /opt/airflow/dags/survey.py
[2021-12-25 11:21:46,873] {logging_mixin.py:104} WARNING - /home/airflow/.local/lib/python3.6/site-packages/airflow/utils/decorators.py:94 DeprecationWarning: provide_context is deprecated as of 2.0 and is no longer required
[2021-12-25 11:21:46,900] {scheduler_job.py:639} INFO - DAG(s) dict_keys(['survey']) retrieved from /opt/airflow/dags/survey.py
[2021-12-25 11:21:46,966] {logging_mixin.py:104} INFO - [2021-12-25 11:21:46,965] {dag.py:1818} INFO - Sync 1 DAGs
[2021-12-25 11:21:47,057] {logging_mixin.py:104} INFO - [2021-12-25 11:21:47,057] {dag.py:2273} INFO - Setting next_dagrun for survey to 2021-12-25 00:00:00+00:00
[2021-12-25 11:21:47,085] {scheduler_job.py:190} INFO - Processing /opt/airflow/dags/survey.py took 1.637 seconds
[2021-12-25 11:22:17,646] {scheduler_job.py:182} INFO - Started process (PID=105) to work on /opt/airflow/dags/survey.py
[2021-12-25 11:22:17,649] {scheduler_job.py:629} INFO - Processing file /opt/airflow/dags/survey.py for tasks to queue
[2021-12-25 11:22:17,651] {logging_mixin.py:104} INFO - [2021-12-25 11:22:17,650] {dagbag.py:448} INFO - Filling up the DagBag from /opt/airflow/dags/survey.py
[2021-12-25 11:22:18,350] {logging_mixin.py:104} WARNING - /home/airflow/.local/lib/python3.6/site-packages/airflow/utils/decorators.py:94 DeprecationWarning: provide_context is deprecated as of 2.0 and is no longer required
[2021-12-25 11:22:18,360] {scheduler_job.py:639} INFO - DAG(s) dict_keys(['survey']) retrieved from /opt/airflow/dags/survey.py
[2021-12-25 11:22:18,389] {logging_mixin.py:104} INFO - [2021-12-25 11:22:18,389] {dag.py:1818} INFO - Sync 1 DAGs
[2021-12-25 11:22:18,421] {logging_mixin.py:104} INFO - [2021-12-25 11:22:18,421] {dag.py:2273} INFO - Setting next_dagrun for survey to 2021-12-25 00:00:00+00:00
[2021-12-25 11:22:18,435] {scheduler_job.py:190} INFO - Processing /opt/airflow/dags/survey.py took 0.793 seconds
[2021-12-25 11:22:48,847] {scheduler_job.py:182} INFO - Started process (PID=112) to work on /opt/airflow/dags/survey.py
[2021-12-25 11:22:48,852] {scheduler_job.py:629} INFO - Processing file /opt/airflow/dags/survey.py for tasks to queue
[2021-12-25 11:22:48,854] {logging_mixin.py:104} INFO - [2021-12-25 11:22:48,854] {dagbag.py:448} INFO - Filling up the DagBag from /opt/airflow/dags/survey.py
[2021-12-25 11:22:49,999] {logging_mixin.py:104} WARNING - /home/airflow/.local/lib/python3.6/site-packages/airflow/utils/decorators.py:94 DeprecationWarning: provide_context is deprecated as of 2.0 and is no longer required
[2021-12-25 11:22:50,013] {scheduler_job.py:639} INFO - DAG(s) dict_keys(['survey']) retrieved from /opt/airflow/dags/survey.py
[2021-12-25 11:22:50,076] {logging_mixin.py:104} INFO - [2021-12-25 11:22:50,075] {dag.py:1818} INFO - Sync 1 DAGs
[2021-12-25 11:22:50,163] {logging_mixin.py:104} INFO - [2021-12-25 11:22:50,163] {dag.py:2273} INFO - Setting next_dagrun for survey to 2021-12-25 00:00:00+00:00
[2021-12-25 11:22:50,221] {scheduler_job.py:190} INFO - Processing /opt/airflow/dags/survey.py took 1.382 seconds
[2021-12-25 11:23:21,303] {scheduler_job.py:182} INFO - Started process (PID=119) to work on /opt/airflow/dags/survey.py
[2021-12-25 11:23:21,306] {scheduler_job.py:629} INFO - Processing file /opt/airflow/dags/survey.py for tasks to queue
[2021-12-25 11:23:21,320] {logging_mixin.py:104} INFO - [2021-12-25 11:23:21,320] {dagbag.py:448} INFO - Filling up the DagBag from /opt/airflow/dags/survey.py
[2021-12-25 11:23:23,795] {logging_mixin.py:104} WARNING - /home/airflow/.local/lib/python3.6/site-packages/airflow/utils/decorators.py:94 DeprecationWarning: provide_context is deprecated as of 2.0 and is no longer required
[2021-12-25 11:23:23,818] {scheduler_job.py:639} INFO - DAG(s) dict_keys(['survey']) retrieved from /opt/airflow/dags/survey.py
[2021-12-25 11:23:23,857] {logging_mixin.py:104} INFO - [2021-12-25 11:23:23,857] {dag.py:1818} INFO - Sync 1 DAGs
[2021-12-25 11:23:23,920] {logging_mixin.py:104} INFO - [2021-12-25 11:23:23,920] {dag.py:2273} INFO - Setting next_dagrun for survey to 2021-12-25 00:00:00+00:00
[2021-12-25 11:23:23,939] {scheduler_job.py:190} INFO - Processing /opt/airflow/dags/survey.py took 2.688 seconds
[2021-12-25 11:23:54,394] {scheduler_job.py:182} INFO - Started process (PID=125) to work on /opt/airflow/dags/survey.py
[2021-12-25 11:23:54,416] {scheduler_job.py:629} INFO - Processing file /opt/airflow/dags/survey.py for tasks to queue
[2021-12-25 11:23:54,426] {logging_mixin.py:104} INFO - [2021-12-25 11:23:54,425] {dagbag.py:448} INFO - Filling up the DagBag from /opt/airflow/dags/survey.py
[2021-12-25 11:23:58,221] {logging_mixin.py:104} WARNING - /home/airflow/.local/lib/python3.6/site-packages/airflow/utils/decorators.py:94 DeprecationWarning: provide_context is deprecated as of 2.0 and is no longer required
[2021-12-25 11:23:58,381] {scheduler_job.py:639} INFO - DAG(s) dict_keys(['survey']) retrieved from /opt/airflow/dags/survey.py
[2021-12-25 11:23:58,541] {logging_mixin.py:104} INFO - [2021-12-25 11:23:58,541] {dag.py:1818} INFO - Sync 1 DAGs
[2021-12-25 11:23:58,683] {logging_mixin.py:104} INFO - [2021-12-25 11:23:58,683] {dag.py:2273} INFO - Setting next_dagrun for survey to 2021-12-25 00:00:00+00:00
[2021-12-25 11:23:58,761] {scheduler_job.py:190} INFO - Processing /opt/airflow/dags/survey.py took 4.401 seconds
[2021-12-25 11:24:29,475] {scheduler_job.py:182} INFO - Started process (PID=129) to work on /opt/airflow/dags/survey.py
[2021-12-25 11:24:29,479] {scheduler_job.py:629} INFO - Processing file /opt/airflow/dags/survey.py for tasks to queue
[2021-12-25 11:24:29,481] {logging_mixin.py:104} INFO - [2021-12-25 11:24:29,481] {dagbag.py:448} INFO - Filling up the DagBag from /opt/airflow/dags/survey.py
[2021-12-25 11:24:31,197] {logging_mixin.py:104} WARNING - /home/airflow/.local/lib/python3.6/site-packages/airflow/utils/decorators.py:94 DeprecationWarning: provide_context is deprecated as of 2.0 and is no longer required
[2021-12-25 11:24:31,211] {scheduler_job.py:639} INFO - DAG(s) dict_keys(['survey']) retrieved from /opt/airflow/dags/survey.py
[2021-12-25 11:24:31,249] {logging_mixin.py:104} INFO - [2021-12-25 11:24:31,249] {dag.py:1818} INFO - Sync 1 DAGs
[2021-12-25 11:24:31,283] {logging_mixin.py:104} INFO - [2021-12-25 11:24:31,283] {dag.py:2273} INFO - Setting next_dagrun for survey to 2021-12-25 00:00:00+00:00
[2021-12-25 11:24:31,298] {scheduler_job.py:190} INFO - Processing /opt/airflow/dags/survey.py took 1.832 seconds
[2021-12-25 11:25:01,550] {scheduler_job.py:182} INFO - Started process (PID=135) to work on /opt/airflow/dags/survey.py
[2021-12-25 11:25:01,553] {scheduler_job.py:629} INFO - Processing file /opt/airflow/dags/survey.py for tasks to queue
[2021-12-25 11:25:01,555] {logging_mixin.py:104} INFO - [2021-12-25 11:25:01,554] {dagbag.py:448} INFO - Filling up the DagBag from /opt/airflow/dags/survey.py
[2021-12-25 11:25:02,735] {logging_mixin.py:104} WARNING - /home/airflow/.local/lib/python3.6/site-packages/airflow/utils/decorators.py:94 DeprecationWarning: provide_context is deprecated as of 2.0 and is no longer required
[2021-12-25 11:25:02,763] {scheduler_job.py:639} INFO - DAG(s) dict_keys(['survey']) retrieved from /opt/airflow/dags/survey.py
[2021-12-25 11:25:02,818] {logging_mixin.py:104} INFO - [2021-12-25 11:25:02,818] {dag.py:1818} INFO - Sync 1 DAGs
[2021-12-25 11:25:02,948] {logging_mixin.py:104} INFO - [2021-12-25 11:25:02,947] {dag.py:2273} INFO - Setting next_dagrun for survey to 2021-12-25 00:00:00+00:00
[2021-12-25 11:25:02,972] {scheduler_job.py:190} INFO - Processing /opt/airflow/dags/survey.py took 1.428 seconds
[2021-12-25 11:25:33,889] {scheduler_job.py:182} INFO - Started process (PID=142) to work on /opt/airflow/dags/survey.py
[2021-12-25 11:25:33,891] {scheduler_job.py:629} INFO - Processing file /opt/airflow/dags/survey.py for tasks to queue
[2021-12-25 11:25:33,893] {logging_mixin.py:104} INFO - [2021-12-25 11:25:33,893] {dagbag.py:448} INFO - Filling up the DagBag from /opt/airflow/dags/survey.py
[2021-12-25 11:25:34,923] {logging_mixin.py:104} WARNING - /home/airflow/.local/lib/python3.6/site-packages/airflow/utils/decorators.py:94 DeprecationWarning: provide_context is deprecated as of 2.0 and is no longer required
[2021-12-25 11:25:34,936] {scheduler_job.py:639} INFO - DAG(s) dict_keys(['survey']) retrieved from /opt/airflow/dags/survey.py
[2021-12-25 11:25:34,967] {logging_mixin.py:104} INFO - [2021-12-25 11:25:34,967] {dag.py:1818} INFO - Sync 1 DAGs
[2021-12-25 11:25:35,003] {logging_mixin.py:104} INFO - [2021-12-25 11:25:35,003] {dag.py:2273} INFO - Setting next_dagrun for survey to 2021-12-25 00:00:00+00:00
[2021-12-25 11:25:35,029] {scheduler_job.py:190} INFO - Processing /opt/airflow/dags/survey.py took 1.144 seconds
[2021-12-25 11:26:05,217] {scheduler_job.py:182} INFO - Started process (PID=149) to work on /opt/airflow/dags/survey.py
[2021-12-25 11:26:05,222] {scheduler_job.py:629} INFO - Processing file /opt/airflow/dags/survey.py for tasks to queue
[2021-12-25 11:26:05,224] {logging_mixin.py:104} INFO - [2021-12-25 11:26:05,224] {dagbag.py:448} INFO - Filling up the DagBag from /opt/airflow/dags/survey.py
[2021-12-25 11:26:05,897] {logging_mixin.py:104} WARNING - /home/airflow/.local/lib/python3.6/site-packages/airflow/utils/decorators.py:94 DeprecationWarning: provide_context is deprecated as of 2.0 and is no longer required
[2021-12-25 11:26:05,906] {scheduler_job.py:639} INFO - DAG(s) dict_keys(['survey']) retrieved from /opt/airflow/dags/survey.py
[2021-12-25 11:26:05,935] {logging_mixin.py:104} INFO - [2021-12-25 11:26:05,934] {dag.py:1818} INFO - Sync 1 DAGs
[2021-12-25 11:26:05,962] {logging_mixin.py:104} INFO - [2021-12-25 11:26:05,962] {dag.py:2273} INFO - Setting next_dagrun for survey to 2021-12-25 00:00:00+00:00
[2021-12-25 11:26:05,976] {scheduler_job.py:190} INFO - Processing /opt/airflow/dags/survey.py took 0.766 seconds
[2021-12-25 11:26:36,125] {scheduler_job.py:182} INFO - Started process (PID=156) to work on /opt/airflow/dags/survey.py
[2021-12-25 11:26:36,127] {scheduler_job.py:629} INFO - Processing file /opt/airflow/dags/survey.py for tasks to queue
[2021-12-25 11:26:36,129] {logging_mixin.py:104} INFO - [2021-12-25 11:26:36,128] {dagbag.py:448} INFO - Filling up the DagBag from /opt/airflow/dags/survey.py
[2021-12-25 11:26:36,758] {logging_mixin.py:104} WARNING - /home/airflow/.local/lib/python3.6/site-packages/airflow/utils/decorators.py:94 DeprecationWarning: provide_context is deprecated as of 2.0 and is no longer required
[2021-12-25 11:26:36,768] {scheduler_job.py:639} INFO - DAG(s) dict_keys(['survey']) retrieved from /opt/airflow/dags/survey.py
[2021-12-25 11:26:36,792] {logging_mixin.py:104} INFO - [2021-12-25 11:26:36,792] {dag.py:1818} INFO - Sync 1 DAGs
[2021-12-25 11:26:36,817] {logging_mixin.py:104} INFO - [2021-12-25 11:26:36,817] {dag.py:2273} INFO - Setting next_dagrun for survey to 2021-12-25 00:00:00+00:00
[2021-12-25 11:26:36,831] {scheduler_job.py:190} INFO - Processing /opt/airflow/dags/survey.py took 0.713 seconds
[2021-12-25 11:28:07,266] {scheduler_job.py:182} INFO - Started process (PID=23) to work on /opt/airflow/dags/survey.py
[2021-12-25 11:28:07,281] {scheduler_job.py:629} INFO - Processing file /opt/airflow/dags/survey.py for tasks to queue
[2021-12-25 11:28:07,306] {logging_mixin.py:104} INFO - [2021-12-25 11:28:07,302] {dagbag.py:448} INFO - Filling up the DagBag from /opt/airflow/dags/survey.py
[2021-12-25 11:28:14,633] {logging_mixin.py:104} WARNING - /home/airflow/.local/lib/python3.6/site-packages/airflow/utils/decorators.py:94 DeprecationWarning: provide_context is deprecated as of 2.0 and is no longer required
[2021-12-25 11:28:14,676] {scheduler_job.py:639} INFO - DAG(s) dict_keys(['survey']) retrieved from /opt/airflow/dags/survey.py
[2021-12-25 11:28:14,802] {logging_mixin.py:104} INFO - [2021-12-25 11:28:14,801] {dag.py:1818} INFO - Sync 1 DAGs
[2021-12-25 11:28:14,903] {logging_mixin.py:104} INFO - [2021-12-25 11:28:14,903] {dag.py:2273} INFO - Setting next_dagrun for survey to 2021-12-25 00:00:00+00:00
[2021-12-25 11:28:14,933] {scheduler_job.py:190} INFO - Processing /opt/airflow/dags/survey.py took 7.723 seconds
[2021-12-25 11:28:45,951] {scheduler_job.py:182} INFO - Started process (PID=30) to work on /opt/airflow/dags/survey.py
[2021-12-25 11:28:45,954] {scheduler_job.py:629} INFO - Processing file /opt/airflow/dags/survey.py for tasks to queue
[2021-12-25 11:28:45,958] {logging_mixin.py:104} INFO - [2021-12-25 11:28:45,958] {dagbag.py:448} INFO - Filling up the DagBag from /opt/airflow/dags/survey.py
[2021-12-25 11:28:49,491] {logging_mixin.py:104} WARNING - /home/airflow/.local/lib/python3.6/site-packages/airflow/utils/decorators.py:94 DeprecationWarning: provide_context is deprecated as of 2.0 and is no longer required
[2021-12-25 11:28:49,542] {scheduler_job.py:639} INFO - DAG(s) dict_keys(['survey']) retrieved from /opt/airflow/dags/survey.py
[2021-12-25 11:28:49,665] {logging_mixin.py:104} INFO - [2021-12-25 11:28:49,665] {dag.py:1818} INFO - Sync 1 DAGs
[2021-12-25 11:28:49,822] {logging_mixin.py:104} INFO - [2021-12-25 11:28:49,822] {dag.py:2273} INFO - Setting next_dagrun for survey to 2021-12-25 00:00:00+00:00
[2021-12-25 11:28:49,846] {scheduler_job.py:190} INFO - Processing /opt/airflow/dags/survey.py took 3.910 seconds
[2021-12-25 11:29:19,982] {scheduler_job.py:182} INFO - Started process (PID=37) to work on /opt/airflow/dags/survey.py
[2021-12-25 11:29:19,988] {scheduler_job.py:629} INFO - Processing file /opt/airflow/dags/survey.py for tasks to queue
[2021-12-25 11:29:19,992] {logging_mixin.py:104} INFO - [2021-12-25 11:29:19,992] {dagbag.py:448} INFO - Filling up the DagBag from /opt/airflow/dags/survey.py
[2021-12-25 11:29:21,283] {logging_mixin.py:104} WARNING - /home/airflow/.local/lib/python3.6/site-packages/airflow/utils/decorators.py:94 DeprecationWarning: provide_context is deprecated as of 2.0 and is no longer required
[2021-12-25 11:29:21,296] {scheduler_job.py:639} INFO - DAG(s) dict_keys(['survey']) retrieved from /opt/airflow/dags/survey.py
[2021-12-25 11:29:21,324] {logging_mixin.py:104} INFO - [2021-12-25 11:29:21,324] {dag.py:1818} INFO - Sync 1 DAGs
[2021-12-25 11:29:21,356] {logging_mixin.py:104} INFO - [2021-12-25 11:29:21,356] {dag.py:2273} INFO - Setting next_dagrun for survey to 2021-12-25 00:00:00+00:00
[2021-12-25 11:29:21,371] {scheduler_job.py:190} INFO - Processing /opt/airflow/dags/survey.py took 1.400 seconds
[2021-12-25 11:29:51,685] {scheduler_job.py:182} INFO - Started process (PID=44) to work on /opt/airflow/dags/survey.py
[2021-12-25 11:29:51,699] {scheduler_job.py:629} INFO - Processing file /opt/airflow/dags/survey.py for tasks to queue
[2021-12-25 11:29:51,701] {logging_mixin.py:104} INFO - [2021-12-25 11:29:51,701] {dagbag.py:448} INFO - Filling up the DagBag from /opt/airflow/dags/survey.py
[2021-12-25 11:29:53,347] {logging_mixin.py:104} WARNING - /home/airflow/.local/lib/python3.6/site-packages/airflow/utils/decorators.py:94 DeprecationWarning: provide_context is deprecated as of 2.0 and is no longer required
[2021-12-25 11:29:53,356] {scheduler_job.py:639} INFO - DAG(s) dict_keys(['survey']) retrieved from /opt/airflow/dags/survey.py
[2021-12-25 11:29:53,381] {logging_mixin.py:104} INFO - [2021-12-25 11:29:53,381] {dag.py:1818} INFO - Sync 1 DAGs
[2021-12-25 11:29:53,406] {logging_mixin.py:104} INFO - [2021-12-25 11:29:53,406] {dag.py:2273} INFO - Setting next_dagrun for survey to 2021-12-25 00:00:00+00:00
[2021-12-25 11:29:54,643] {scheduler_job.py:190} INFO - Processing /opt/airflow/dags/survey.py took 2.967 seconds
[2021-12-25 11:30:34,867] {scheduler_job.py:182} INFO - Started process (PID=48) to work on /opt/airflow/dags/survey.py
[2021-12-25 11:30:34,870] {scheduler_job.py:629} INFO - Processing file /opt/airflow/dags/survey.py for tasks to queue
[2021-12-25 11:30:34,873] {logging_mixin.py:104} INFO - [2021-12-25 11:30:34,872] {dagbag.py:448} INFO - Filling up the DagBag from /opt/airflow/dags/survey.py
[2021-12-25 11:30:36,508] {logging_mixin.py:104} WARNING - /home/airflow/.local/lib/python3.6/site-packages/airflow/utils/decorators.py:94 DeprecationWarning: provide_context is deprecated as of 2.0 and is no longer required
[2021-12-25 11:30:36,565] {scheduler_job.py:639} INFO - DAG(s) dict_keys(['survey']) retrieved from /opt/airflow/dags/survey.py
[2021-12-25 11:30:36,652] {logging_mixin.py:104} INFO - [2021-12-25 11:30:36,651] {dag.py:1818} INFO - Sync 1 DAGs
[2021-12-25 11:30:36,705] {logging_mixin.py:104} INFO - [2021-12-25 11:30:36,705] {dag.py:2273} INFO - Setting next_dagrun for survey to 2021-12-25 00:00:00+00:00
[2021-12-25 11:30:36,732] {scheduler_job.py:190} INFO - Processing /opt/airflow/dags/survey.py took 1.873 seconds
[2021-12-25 11:31:06,971] {scheduler_job.py:182} INFO - Started process (PID=54) to work on /opt/airflow/dags/survey.py
[2021-12-25 11:31:06,973] {scheduler_job.py:629} INFO - Processing file /opt/airflow/dags/survey.py for tasks to queue
[2021-12-25 11:31:06,974] {logging_mixin.py:104} INFO - [2021-12-25 11:31:06,974] {dagbag.py:448} INFO - Filling up the DagBag from /opt/airflow/dags/survey.py
[2021-12-25 11:31:07,859] {logging_mixin.py:104} WARNING - /home/airflow/.local/lib/python3.6/site-packages/airflow/utils/decorators.py:94 DeprecationWarning: provide_context is deprecated as of 2.0 and is no longer required
[2021-12-25 11:31:07,886] {scheduler_job.py:639} INFO - DAG(s) dict_keys(['survey']) retrieved from /opt/airflow/dags/survey.py
[2021-12-25 11:31:07,945] {logging_mixin.py:104} INFO - [2021-12-25 11:31:07,945] {dag.py:1818} INFO - Sync 1 DAGs
[2021-12-25 11:31:08,008] {logging_mixin.py:104} INFO - [2021-12-25 11:31:08,008] {dag.py:2273} INFO - Setting next_dagrun for survey to 2021-12-25 00:00:00+00:00
[2021-12-25 11:31:08,072] {scheduler_job.py:190} INFO - Processing /opt/airflow/dags/survey.py took 1.106 seconds
[2021-12-25 11:31:38,682] {scheduler_job.py:182} INFO - Started process (PID=60) to work on /opt/airflow/dags/survey.py
[2021-12-25 11:31:38,684] {scheduler_job.py:629} INFO - Processing file /opt/airflow/dags/survey.py for tasks to queue
[2021-12-25 11:31:38,686] {logging_mixin.py:104} INFO - [2021-12-25 11:31:38,685] {dagbag.py:448} INFO - Filling up the DagBag from /opt/airflow/dags/survey.py
[2021-12-25 11:31:39,273] {logging_mixin.py:104} WARNING - /home/airflow/.local/lib/python3.6/site-packages/airflow/utils/decorators.py:94 DeprecationWarning: provide_context is deprecated as of 2.0 and is no longer required
[2021-12-25 11:31:39,283] {scheduler_job.py:639} INFO - DAG(s) dict_keys(['survey']) retrieved from /opt/airflow/dags/survey.py
[2021-12-25 11:31:39,306] {logging_mixin.py:104} INFO - [2021-12-25 11:31:39,306] {dag.py:1818} INFO - Sync 1 DAGs
[2021-12-25 11:31:39,331] {logging_mixin.py:104} INFO - [2021-12-25 11:31:39,331] {dag.py:2273} INFO - Setting next_dagrun for survey to 2021-12-25 00:00:00+00:00
[2021-12-25 11:31:39,345] {scheduler_job.py:190} INFO - Processing /opt/airflow/dags/survey.py took 0.668 seconds
[2021-12-25 11:32:09,476] {scheduler_job.py:182} INFO - Started process (PID=67) to work on /opt/airflow/dags/survey.py
[2021-12-25 11:32:09,479] {scheduler_job.py:629} INFO - Processing file /opt/airflow/dags/survey.py for tasks to queue
[2021-12-25 11:32:09,481] {logging_mixin.py:104} INFO - [2021-12-25 11:32:09,480] {dagbag.py:448} INFO - Filling up the DagBag from /opt/airflow/dags/survey.py
[2021-12-25 11:32:10,088] {logging_mixin.py:104} WARNING - /home/airflow/.local/lib/python3.6/site-packages/airflow/utils/decorators.py:94 DeprecationWarning: provide_context is deprecated as of 2.0 and is no longer required
[2021-12-25 11:32:10,099] {scheduler_job.py:639} INFO - DAG(s) dict_keys(['survey']) retrieved from /opt/airflow/dags/survey.py
[2021-12-25 11:32:10,122] {logging_mixin.py:104} INFO - [2021-12-25 11:32:10,122] {dag.py:1818} INFO - Sync 1 DAGs
[2021-12-25 11:32:10,148] {logging_mixin.py:104} INFO - [2021-12-25 11:32:10,148] {dag.py:2273} INFO - Setting next_dagrun for survey to 2021-12-25 00:00:00+00:00
[2021-12-25 11:32:10,175] {scheduler_job.py:190} INFO - Processing /opt/airflow/dags/survey.py took 0.705 seconds
[2021-12-25 11:32:40,883] {scheduler_job.py:182} INFO - Started process (PID=74) to work on /opt/airflow/dags/survey.py
[2021-12-25 11:32:40,885] {scheduler_job.py:629} INFO - Processing file /opt/airflow/dags/survey.py for tasks to queue
[2021-12-25 11:32:40,886] {logging_mixin.py:104} INFO - [2021-12-25 11:32:40,886] {dagbag.py:448} INFO - Filling up the DagBag from /opt/airflow/dags/survey.py
[2021-12-25 11:32:41,764] {logging_mixin.py:104} WARNING - /home/airflow/.local/lib/python3.6/site-packages/airflow/utils/decorators.py:94 DeprecationWarning: provide_context is deprecated as of 2.0 and is no longer required
[2021-12-25 11:32:41,778] {scheduler_job.py:639} INFO - DAG(s) dict_keys(['survey']) retrieved from /opt/airflow/dags/survey.py
[2021-12-25 11:32:41,807] {logging_mixin.py:104} INFO - [2021-12-25 11:32:41,807] {dag.py:1818} INFO - Sync 1 DAGs
[2021-12-25 11:32:41,854] {logging_mixin.py:104} INFO - [2021-12-25 11:32:41,853] {dag.py:2273} INFO - Setting next_dagrun for survey to 2021-12-25 00:00:00+00:00
[2021-12-25 11:32:41,878] {scheduler_job.py:190} INFO - Processing /opt/airflow/dags/survey.py took 1.000 seconds
[2021-12-25 11:33:12,176] {scheduler_job.py:182} INFO - Started process (PID=81) to work on /opt/airflow/dags/survey.py
[2021-12-25 11:33:12,178] {scheduler_job.py:629} INFO - Processing file /opt/airflow/dags/survey.py for tasks to queue
[2021-12-25 11:33:12,180] {logging_mixin.py:104} INFO - [2021-12-25 11:33:12,180] {dagbag.py:448} INFO - Filling up the DagBag from /opt/airflow/dags/survey.py
[2021-12-25 11:33:12,976] {logging_mixin.py:104} WARNING - /home/airflow/.local/lib/python3.6/site-packages/airflow/utils/decorators.py:94 DeprecationWarning: provide_context is deprecated as of 2.0 and is no longer required
[2021-12-25 11:33:12,990] {scheduler_job.py:639} INFO - DAG(s) dict_keys(['survey']) retrieved from /opt/airflow/dags/survey.py
[2021-12-25 11:33:13,039] {logging_mixin.py:104} INFO - [2021-12-25 11:33:13,039] {dag.py:1818} INFO - Sync 1 DAGs
[2021-12-25 11:33:13,081] {logging_mixin.py:104} INFO - [2021-12-25 11:33:13,081] {dag.py:2273} INFO - Setting next_dagrun for survey to 2021-12-25 00:00:00+00:00
[2021-12-25 11:33:13,108] {scheduler_job.py:190} INFO - Processing /opt/airflow/dags/survey.py took 0.939 seconds
[2021-12-25 11:33:43,589] {scheduler_job.py:182} INFO - Started process (PID=88) to work on /opt/airflow/dags/survey.py
[2021-12-25 11:33:43,598] {scheduler_job.py:629} INFO - Processing file /opt/airflow/dags/survey.py for tasks to queue
[2021-12-25 11:33:43,600] {logging_mixin.py:104} INFO - [2021-12-25 11:33:43,600] {dagbag.py:448} INFO - Filling up the DagBag from /opt/airflow/dags/survey.py
[2021-12-25 11:33:44,388] {logging_mixin.py:104} WARNING - /home/airflow/.local/lib/python3.6/site-packages/airflow/utils/decorators.py:94 DeprecationWarning: provide_context is deprecated as of 2.0 and is no longer required
[2021-12-25 11:33:44,398] {scheduler_job.py:639} INFO - DAG(s) dict_keys(['survey']) retrieved from /opt/airflow/dags/survey.py
[2021-12-25 11:33:44,422] {logging_mixin.py:104} INFO - [2021-12-25 11:33:44,422] {dag.py:1818} INFO - Sync 1 DAGs
[2021-12-25 11:33:44,447] {logging_mixin.py:104} INFO - [2021-12-25 11:33:44,447] {dag.py:2273} INFO - Setting next_dagrun for survey to 2021-12-25 00:00:00+00:00
[2021-12-25 11:33:44,469] {scheduler_job.py:190} INFO - Processing /opt/airflow/dags/survey.py took 0.891 seconds
[2021-12-25 11:34:15,164] {scheduler_job.py:182} INFO - Started process (PID=95) to work on /opt/airflow/dags/survey.py
[2021-12-25 11:34:15,170] {scheduler_job.py:629} INFO - Processing file /opt/airflow/dags/survey.py for tasks to queue
[2021-12-25 11:34:15,180] {logging_mixin.py:104} INFO - [2021-12-25 11:34:15,180] {dagbag.py:448} INFO - Filling up the DagBag from /opt/airflow/dags/survey.py
[2021-12-25 11:34:16,213] {logging_mixin.py:104} WARNING - /home/airflow/.local/lib/python3.6/site-packages/airflow/utils/decorators.py:94 DeprecationWarning: provide_context is deprecated as of 2.0 and is no longer required
[2021-12-25 11:34:16,229] {scheduler_job.py:639} INFO - DAG(s) dict_keys(['survey']) retrieved from /opt/airflow/dags/survey.py
[2021-12-25 11:34:16,257] {logging_mixin.py:104} INFO - [2021-12-25 11:34:16,257] {dag.py:1818} INFO - Sync 1 DAGs
[2021-12-25 11:34:16,283] {logging_mixin.py:104} INFO - [2021-12-25 11:34:16,283] {dag.py:2273} INFO - Setting next_dagrun for survey to 2021-12-25 00:00:00+00:00
[2021-12-25 11:34:16,296] {scheduler_job.py:190} INFO - Processing /opt/airflow/dags/survey.py took 1.152 seconds
[2021-12-25 11:34:46,476] {scheduler_job.py:182} INFO - Started process (PID=99) to work on /opt/airflow/dags/survey.py
[2021-12-25 11:34:46,479] {scheduler_job.py:629} INFO - Processing file /opt/airflow/dags/survey.py for tasks to queue
[2021-12-25 11:34:46,481] {logging_mixin.py:104} INFO - [2021-12-25 11:34:46,480] {dagbag.py:448} INFO - Filling up the DagBag from /opt/airflow/dags/survey.py
[2021-12-25 11:34:47,233] {logging_mixin.py:104} WARNING - /home/airflow/.local/lib/python3.6/site-packages/airflow/utils/decorators.py:94 DeprecationWarning: provide_context is deprecated as of 2.0 and is no longer required
[2021-12-25 11:34:47,246] {scheduler_job.py:639} INFO - DAG(s) dict_keys(['survey']) retrieved from /opt/airflow/dags/survey.py
[2021-12-25 11:34:47,284] {logging_mixin.py:104} INFO - [2021-12-25 11:34:47,283] {dag.py:1818} INFO - Sync 1 DAGs
[2021-12-25 11:34:47,327] {logging_mixin.py:104} INFO - [2021-12-25 11:34:47,326] {dag.py:2273} INFO - Setting next_dagrun for survey to 2021-12-25 00:00:00+00:00
[2021-12-25 11:34:47,341] {scheduler_job.py:190} INFO - Processing /opt/airflow/dags/survey.py took 0.874 seconds
[2021-12-25 11:35:19,498] {scheduler_job.py:182} INFO - Started process (PID=105) to work on /opt/airflow/dags/survey.py
[2021-12-25 11:35:19,512] {scheduler_job.py:629} INFO - Processing file /opt/airflow/dags/survey.py for tasks to queue
[2021-12-25 11:35:19,521] {logging_mixin.py:104} INFO - [2021-12-25 11:35:19,520] {dagbag.py:448} INFO - Filling up the DagBag from /opt/airflow/dags/survey.py
[2021-12-25 11:35:22,782] {logging_mixin.py:104} WARNING - /home/airflow/.local/lib/python3.6/site-packages/airflow/utils/decorators.py:94 DeprecationWarning: provide_context is deprecated as of 2.0 and is no longer required
[2021-12-25 11:35:22,843] {scheduler_job.py:639} INFO - DAG(s) dict_keys(['survey']) retrieved from /opt/airflow/dags/survey.py
[2021-12-25 11:35:22,919] {logging_mixin.py:104} INFO - [2021-12-25 11:35:22,918] {dag.py:1818} INFO - Sync 1 DAGs
[2021-12-25 11:35:23,050] {logging_mixin.py:104} INFO - [2021-12-25 11:35:23,050] {dag.py:2273} INFO - Setting next_dagrun for survey to 2021-12-25 00:00:00+00:00
[2021-12-25 11:35:23,100] {scheduler_job.py:190} INFO - Processing /opt/airflow/dags/survey.py took 3.737 seconds
[2021-12-25 11:35:53,967] {scheduler_job.py:182} INFO - Started process (PID=111) to work on /opt/airflow/dags/survey.py
[2021-12-25 11:35:53,970] {scheduler_job.py:629} INFO - Processing file /opt/airflow/dags/survey.py for tasks to queue
[2021-12-25 11:35:53,972] {logging_mixin.py:104} INFO - [2021-12-25 11:35:53,972] {dagbag.py:448} INFO - Filling up the DagBag from /opt/airflow/dags/survey.py
[2021-12-25 11:35:54,791] {logging_mixin.py:104} WARNING - /home/airflow/.local/lib/python3.6/site-packages/airflow/utils/decorators.py:94 DeprecationWarning: provide_context is deprecated as of 2.0 and is no longer required
[2021-12-25 11:35:54,801] {scheduler_job.py:639} INFO - DAG(s) dict_keys(['survey']) retrieved from /opt/airflow/dags/survey.py
[2021-12-25 11:35:54,831] {logging_mixin.py:104} INFO - [2021-12-25 11:35:54,831] {dag.py:1818} INFO - Sync 1 DAGs
[2021-12-25 11:35:54,866] {logging_mixin.py:104} INFO - [2021-12-25 11:35:54,865] {dag.py:2273} INFO - Setting next_dagrun for survey to 2021-12-25 00:00:00+00:00
[2021-12-25 11:35:54,882] {scheduler_job.py:190} INFO - Processing /opt/airflow/dags/survey.py took 0.923 seconds
[2021-12-25 11:36:25,129] {scheduler_job.py:182} INFO - Started process (PID=118) to work on /opt/airflow/dags/survey.py
[2021-12-25 11:36:25,131] {scheduler_job.py:629} INFO - Processing file /opt/airflow/dags/survey.py for tasks to queue
[2021-12-25 11:36:25,132] {logging_mixin.py:104} INFO - [2021-12-25 11:36:25,132] {dagbag.py:448} INFO - Filling up the DagBag from /opt/airflow/dags/survey.py
[2021-12-25 11:36:25,729] {logging_mixin.py:104} WARNING - /home/airflow/.local/lib/python3.6/site-packages/airflow/utils/decorators.py:94 DeprecationWarning: provide_context is deprecated as of 2.0 and is no longer required
[2021-12-25 11:36:25,739] {scheduler_job.py:639} INFO - DAG(s) dict_keys(['survey']) retrieved from /opt/airflow/dags/survey.py
[2021-12-25 11:36:25,767] {logging_mixin.py:104} INFO - [2021-12-25 11:36:25,767] {dag.py:1818} INFO - Sync 1 DAGs
[2021-12-25 11:36:25,797] {logging_mixin.py:104} INFO - [2021-12-25 11:36:25,796] {dag.py:2273} INFO - Setting next_dagrun for survey to 2021-12-25 00:00:00+00:00
[2021-12-25 11:36:25,814] {scheduler_job.py:190} INFO - Processing /opt/airflow/dags/survey.py took 0.690 seconds
[2021-12-25 11:36:56,003] {scheduler_job.py:182} INFO - Started process (PID=125) to work on /opt/airflow/dags/survey.py
[2021-12-25 11:36:56,005] {scheduler_job.py:629} INFO - Processing file /opt/airflow/dags/survey.py for tasks to queue
[2021-12-25 11:36:56,007] {logging_mixin.py:104} INFO - [2021-12-25 11:36:56,007] {dagbag.py:448} INFO - Filling up the DagBag from /opt/airflow/dags/survey.py
[2021-12-25 11:36:56,650] {logging_mixin.py:104} WARNING - /home/airflow/.local/lib/python3.6/site-packages/airflow/utils/decorators.py:94 DeprecationWarning: provide_context is deprecated as of 2.0 and is no longer required
[2021-12-25 11:36:56,660] {scheduler_job.py:639} INFO - DAG(s) dict_keys(['survey']) retrieved from /opt/airflow/dags/survey.py
[2021-12-25 11:36:56,685] {logging_mixin.py:104} INFO - [2021-12-25 11:36:56,685] {dag.py:1818} INFO - Sync 1 DAGs
[2021-12-25 11:36:56,711] {logging_mixin.py:104} INFO - [2021-12-25 11:36:56,710] {dag.py:2273} INFO - Setting next_dagrun for survey to 2021-12-25 00:00:00+00:00
[2021-12-25 11:36:56,725] {scheduler_job.py:190} INFO - Processing /opt/airflow/dags/survey.py took 0.728 seconds
[2021-12-25 11:37:26,865] {scheduler_job.py:182} INFO - Started process (PID=132) to work on /opt/airflow/dags/survey.py
[2021-12-25 11:37:26,867] {scheduler_job.py:629} INFO - Processing file /opt/airflow/dags/survey.py for tasks to queue
[2021-12-25 11:37:26,869] {logging_mixin.py:104} INFO - [2021-12-25 11:37:26,869] {dagbag.py:448} INFO - Filling up the DagBag from /opt/airflow/dags/survey.py
[2021-12-25 11:37:27,818] {logging_mixin.py:104} WARNING - /home/airflow/.local/lib/python3.6/site-packages/airflow/utils/decorators.py:94 DeprecationWarning: provide_context is deprecated as of 2.0 and is no longer required
[2021-12-25 11:37:27,828] {scheduler_job.py:639} INFO - DAG(s) dict_keys(['survey']) retrieved from /opt/airflow/dags/survey.py
[2021-12-25 11:37:27,864] {logging_mixin.py:104} INFO - [2021-12-25 11:37:27,864] {dag.py:1818} INFO - Sync 1 DAGs
[2021-12-25 11:37:27,898] {logging_mixin.py:104} INFO - [2021-12-25 11:37:27,897] {dag.py:2273} INFO - Setting next_dagrun for survey to 2021-12-25 00:00:00+00:00
[2021-12-25 11:37:27,911] {scheduler_job.py:190} INFO - Processing /opt/airflow/dags/survey.py took 1.052 seconds
[2021-12-25 11:37:58,870] {scheduler_job.py:182} INFO - Started process (PID=136) to work on /opt/airflow/dags/survey.py
[2021-12-25 11:37:58,882] {scheduler_job.py:629} INFO - Processing file /opt/airflow/dags/survey.py for tasks to queue
[2021-12-25 11:37:58,887] {logging_mixin.py:104} INFO - [2021-12-25 11:37:58,887] {dagbag.py:448} INFO - Filling up the DagBag from /opt/airflow/dags/survey.py
[2021-12-25 11:38:02,415] {logging_mixin.py:104} WARNING - /home/airflow/.local/lib/python3.6/site-packages/airflow/utils/decorators.py:94 DeprecationWarning: provide_context is deprecated as of 2.0 and is no longer required
[2021-12-25 11:38:02,476] {scheduler_job.py:639} INFO - DAG(s) dict_keys(['survey']) retrieved from /opt/airflow/dags/survey.py
[2021-12-25 11:38:02,569] {logging_mixin.py:104} INFO - [2021-12-25 11:38:02,569] {dag.py:1818} INFO - Sync 1 DAGs
[2021-12-25 11:38:02,712] {logging_mixin.py:104} INFO - [2021-12-25 11:38:02,701] {dag.py:2273} INFO - Setting next_dagrun for survey to 2021-12-25 00:00:00+00:00
[2021-12-25 11:38:02,744] {scheduler_job.py:190} INFO - Processing /opt/airflow/dags/survey.py took 3.883 seconds
[2021-12-25 11:38:33,080] {scheduler_job.py:182} INFO - Started process (PID=142) to work on /opt/airflow/dags/survey.py
[2021-12-25 11:38:33,082] {scheduler_job.py:629} INFO - Processing file /opt/airflow/dags/survey.py for tasks to queue
[2021-12-25 11:38:33,094] {logging_mixin.py:104} INFO - [2021-12-25 11:38:33,093] {dagbag.py:448} INFO - Filling up the DagBag from /opt/airflow/dags/survey.py
[2021-12-25 11:38:37,476] {logging_mixin.py:104} WARNING - /home/airflow/.local/lib/python3.6/site-packages/airflow/utils/decorators.py:94 DeprecationWarning: provide_context is deprecated as of 2.0 and is no longer required
[2021-12-25 11:38:37,502] {scheduler_job.py:639} INFO - DAG(s) dict_keys(['survey']) retrieved from /opt/airflow/dags/survey.py
[2021-12-25 11:38:37,566] {logging_mixin.py:104} INFO - [2021-12-25 11:38:37,565] {dag.py:1818} INFO - Sync 1 DAGs
[2021-12-25 11:38:37,619] {logging_mixin.py:104} INFO - [2021-12-25 11:38:37,619] {dag.py:2273} INFO - Setting next_dagrun for survey to 2021-12-25 00:00:00+00:00
[2021-12-25 11:38:37,647] {scheduler_job.py:190} INFO - Processing /opt/airflow/dags/survey.py took 4.586 seconds
[2021-12-25 11:39:07,733] {scheduler_job.py:182} INFO - Started process (PID=149) to work on /opt/airflow/dags/survey.py
[2021-12-25 11:39:07,735] {scheduler_job.py:629} INFO - Processing file /opt/airflow/dags/survey.py for tasks to queue
[2021-12-25 11:39:07,737] {logging_mixin.py:104} INFO - [2021-12-25 11:39:07,736] {dagbag.py:448} INFO - Filling up the DagBag from /opt/airflow/dags/survey.py
[2021-12-25 11:39:08,496] {logging_mixin.py:104} WARNING - /home/airflow/.local/lib/python3.6/site-packages/airflow/utils/decorators.py:94 DeprecationWarning: provide_context is deprecated as of 2.0 and is no longer required
[2021-12-25 11:39:08,511] {scheduler_job.py:639} INFO - DAG(s) dict_keys(['survey']) retrieved from /opt/airflow/dags/survey.py
[2021-12-25 11:39:08,565] {logging_mixin.py:104} INFO - [2021-12-25 11:39:08,564] {dag.py:1818} INFO - Sync 1 DAGs
[2021-12-25 11:39:08,623] {logging_mixin.py:104} INFO - [2021-12-25 11:39:08,623] {dag.py:2273} INFO - Setting next_dagrun for survey to 2021-12-25 00:00:00+00:00
[2021-12-25 11:39:08,649] {scheduler_job.py:190} INFO - Processing /opt/airflow/dags/survey.py took 0.921 seconds
[2021-12-25 11:39:39,652] {scheduler_job.py:182} INFO - Started process (PID=156) to work on /opt/airflow/dags/survey.py
[2021-12-25 11:39:39,675] {scheduler_job.py:629} INFO - Processing file /opt/airflow/dags/survey.py for tasks to queue
[2021-12-25 11:39:39,694] {logging_mixin.py:104} INFO - [2021-12-25 11:39:39,694] {dagbag.py:448} INFO - Filling up the DagBag from /opt/airflow/dags/survey.py
[2021-12-25 11:39:41,320] {logging_mixin.py:104} WARNING - /home/airflow/.local/lib/python3.6/site-packages/airflow/utils/decorators.py:94 DeprecationWarning: provide_context is deprecated as of 2.0 and is no longer required
[2021-12-25 11:39:41,335] {scheduler_job.py:639} INFO - DAG(s) dict_keys(['survey']) retrieved from /opt/airflow/dags/survey.py
[2021-12-25 11:39:41,370] {logging_mixin.py:104} INFO - [2021-12-25 11:39:41,370] {dag.py:1818} INFO - Sync 1 DAGs
[2021-12-25 11:39:41,423] {logging_mixin.py:104} INFO - [2021-12-25 11:39:41,423] {dag.py:2273} INFO - Setting next_dagrun for survey to 2021-12-25 00:00:00+00:00
[2021-12-25 11:39:41,446] {scheduler_job.py:190} INFO - Processing /opt/airflow/dags/survey.py took 1.815 seconds
[2021-12-25 11:40:11,673] {scheduler_job.py:182} INFO - Started process (PID=159) to work on /opt/airflow/dags/survey.py
[2021-12-25 11:40:11,682] {scheduler_job.py:629} INFO - Processing file /opt/airflow/dags/survey.py for tasks to queue
[2021-12-25 11:40:11,701] {logging_mixin.py:104} INFO - [2021-12-25 11:40:11,701] {dagbag.py:448} INFO - Filling up the DagBag from /opt/airflow/dags/survey.py
[2021-12-25 11:40:12,688] {logging_mixin.py:104} WARNING - /home/airflow/.local/lib/python3.6/site-packages/airflow/utils/decorators.py:94 DeprecationWarning: provide_context is deprecated as of 2.0 and is no longer required
[2021-12-25 11:40:12,701] {scheduler_job.py:639} INFO - DAG(s) dict_keys(['survey']) retrieved from /opt/airflow/dags/survey.py
[2021-12-25 11:40:12,737] {logging_mixin.py:104} INFO - [2021-12-25 11:40:12,736] {dag.py:1818} INFO - Sync 1 DAGs
[2021-12-25 11:40:12,780] {logging_mixin.py:104} INFO - [2021-12-25 11:40:12,780] {dag.py:2273} INFO - Setting next_dagrun for survey to 2021-12-25 00:00:00+00:00
[2021-12-25 11:40:12,799] {scheduler_job.py:190} INFO - Processing /opt/airflow/dags/survey.py took 1.139 seconds
[2021-12-25 11:40:43,293] {scheduler_job.py:182} INFO - Started process (PID=165) to work on /opt/airflow/dags/survey.py
[2021-12-25 11:40:43,295] {scheduler_job.py:629} INFO - Processing file /opt/airflow/dags/survey.py for tasks to queue
[2021-12-25 11:40:43,297] {logging_mixin.py:104} INFO - [2021-12-25 11:40:43,297] {dagbag.py:448} INFO - Filling up the DagBag from /opt/airflow/dags/survey.py
[2021-12-25 11:40:44,864] {logging_mixin.py:104} WARNING - /home/airflow/.local/lib/python3.6/site-packages/airflow/utils/decorators.py:94 DeprecationWarning: provide_context is deprecated as of 2.0 and is no longer required
[2021-12-25 11:40:44,877] {scheduler_job.py:639} INFO - DAG(s) dict_keys(['survey']) retrieved from /opt/airflow/dags/survey.py
[2021-12-25 11:40:44,912] {logging_mixin.py:104} INFO - [2021-12-25 11:40:44,911] {dag.py:1818} INFO - Sync 1 DAGs
[2021-12-25 11:40:44,943] {logging_mixin.py:104} INFO - [2021-12-25 11:40:44,943] {dag.py:2273} INFO - Setting next_dagrun for survey to 2021-12-25 00:00:00+00:00
[2021-12-25 11:40:44,958] {scheduler_job.py:190} INFO - Processing /opt/airflow/dags/survey.py took 1.673 seconds
[2021-12-25 11:41:15,180] {scheduler_job.py:182} INFO - Started process (PID=172) to work on /opt/airflow/dags/survey.py
[2021-12-25 11:41:15,182] {scheduler_job.py:629} INFO - Processing file /opt/airflow/dags/survey.py for tasks to queue
[2021-12-25 11:41:15,183] {logging_mixin.py:104} INFO - [2021-12-25 11:41:15,183] {dagbag.py:448} INFO - Filling up the DagBag from /opt/airflow/dags/survey.py
[2021-12-25 11:41:15,885] {logging_mixin.py:104} WARNING - /home/airflow/.local/lib/python3.6/site-packages/airflow/utils/decorators.py:94 DeprecationWarning: provide_context is deprecated as of 2.0 and is no longer required
[2021-12-25 11:41:15,898] {scheduler_job.py:639} INFO - DAG(s) dict_keys(['survey']) retrieved from /opt/airflow/dags/survey.py
[2021-12-25 11:41:15,927] {logging_mixin.py:104} INFO - [2021-12-25 11:41:15,927] {dag.py:1818} INFO - Sync 1 DAGs
[2021-12-25 11:41:15,955] {logging_mixin.py:104} INFO - [2021-12-25 11:41:15,955] {dag.py:2273} INFO - Setting next_dagrun for survey to 2021-12-25 00:00:00+00:00
[2021-12-25 11:41:15,969] {scheduler_job.py:190} INFO - Processing /opt/airflow/dags/survey.py took 0.794 seconds
[2021-12-25 11:41:46,286] {scheduler_job.py:182} INFO - Started process (PID=179) to work on /opt/airflow/dags/survey.py
[2021-12-25 11:41:46,289] {scheduler_job.py:629} INFO - Processing file /opt/airflow/dags/survey.py for tasks to queue
[2021-12-25 11:41:46,291] {logging_mixin.py:104} INFO - [2021-12-25 11:41:46,290] {dagbag.py:448} INFO - Filling up the DagBag from /opt/airflow/dags/survey.py
[2021-12-25 11:41:47,053] {logging_mixin.py:104} WARNING - /home/airflow/.local/lib/python3.6/site-packages/airflow/utils/decorators.py:94 DeprecationWarning: provide_context is deprecated as of 2.0 and is no longer required
[2021-12-25 11:41:47,064] {scheduler_job.py:639} INFO - DAG(s) dict_keys(['survey']) retrieved from /opt/airflow/dags/survey.py
[2021-12-25 11:41:47,096] {logging_mixin.py:104} INFO - [2021-12-25 11:41:47,095] {dag.py:1818} INFO - Sync 1 DAGs
[2021-12-25 11:41:47,135] {logging_mixin.py:104} INFO - [2021-12-25 11:41:47,135] {dag.py:2273} INFO - Setting next_dagrun for survey to 2021-12-25 00:00:00+00:00
[2021-12-25 11:41:47,149] {scheduler_job.py:190} INFO - Processing /opt/airflow/dags/survey.py took 0.867 seconds
[2021-12-25 11:42:21,181] {scheduler_job.py:182} INFO - Started process (PID=186) to work on /opt/airflow/dags/survey.py
[2021-12-25 11:42:21,186] {scheduler_job.py:629} INFO - Processing file /opt/airflow/dags/survey.py for tasks to queue
[2021-12-25 11:42:21,188] {logging_mixin.py:104} INFO - [2021-12-25 11:42:21,188] {dagbag.py:448} INFO - Filling up the DagBag from /opt/airflow/dags/survey.py
[2021-12-25 11:42:23,128] {logging_mixin.py:104} WARNING - /home/airflow/.local/lib/python3.6/site-packages/airflow/utils/decorators.py:94 DeprecationWarning: provide_context is deprecated as of 2.0 and is no longer required
[2021-12-25 11:42:23,280] {scheduler_job.py:639} INFO - DAG(s) dict_keys(['survey']) retrieved from /opt/airflow/dags/survey.py
[2021-12-25 11:42:23,378] {logging_mixin.py:104} INFO - [2021-12-25 11:42:23,377] {dag.py:1818} INFO - Sync 1 DAGs
[2021-12-25 11:42:23,590] {logging_mixin.py:104} INFO - [2021-12-25 11:42:23,590] {dag.py:2273} INFO - Setting next_dagrun for survey to 2021-12-25 00:00:00+00:00
[2021-12-25 11:42:23,839] {scheduler_job.py:190} INFO - Processing /opt/airflow/dags/survey.py took 2.679 seconds
[2021-12-25 11:42:54,133] {scheduler_job.py:182} INFO - Started process (PID=189) to work on /opt/airflow/dags/survey.py
[2021-12-25 11:42:54,181] {scheduler_job.py:629} INFO - Processing file /opt/airflow/dags/survey.py for tasks to queue
[2021-12-25 11:42:54,188] {logging_mixin.py:104} INFO - [2021-12-25 11:42:54,188] {dagbag.py:448} INFO - Filling up the DagBag from /opt/airflow/dags/survey.py
[2021-12-25 11:42:55,856] {logging_mixin.py:104} WARNING - /home/airflow/.local/lib/python3.6/site-packages/airflow/utils/decorators.py:94 DeprecationWarning: provide_context is deprecated as of 2.0 and is no longer required
[2021-12-25 11:42:55,872] {scheduler_job.py:639} INFO - DAG(s) dict_keys(['survey']) retrieved from /opt/airflow/dags/survey.py
[2021-12-25 11:42:55,901] {logging_mixin.py:104} INFO - [2021-12-25 11:42:55,900] {dag.py:1818} INFO - Sync 1 DAGs
[2021-12-25 11:42:55,927] {logging_mixin.py:104} INFO - [2021-12-25 11:42:55,927] {dag.py:2273} INFO - Setting next_dagrun for survey to 2021-12-25 00:00:00+00:00
[2021-12-25 11:42:55,943] {scheduler_job.py:190} INFO - Processing /opt/airflow/dags/survey.py took 1.831 seconds
[2021-12-25 11:43:26,573] {scheduler_job.py:182} INFO - Started process (PID=195) to work on /opt/airflow/dags/survey.py
[2021-12-25 11:43:26,577] {scheduler_job.py:629} INFO - Processing file /opt/airflow/dags/survey.py for tasks to queue
[2021-12-25 11:43:26,579] {logging_mixin.py:104} INFO - [2021-12-25 11:43:26,578] {dagbag.py:448} INFO - Filling up the DagBag from /opt/airflow/dags/survey.py
[2021-12-25 11:43:27,688] {logging_mixin.py:104} WARNING - /home/airflow/.local/lib/python3.6/site-packages/airflow/utils/decorators.py:94 DeprecationWarning: provide_context is deprecated as of 2.0 and is no longer required
[2021-12-25 11:43:27,703] {scheduler_job.py:639} INFO - DAG(s) dict_keys(['survey']) retrieved from /opt/airflow/dags/survey.py
[2021-12-25 11:43:27,742] {logging_mixin.py:104} INFO - [2021-12-25 11:43:27,741] {dag.py:1818} INFO - Sync 1 DAGs
[2021-12-25 11:43:27,784] {logging_mixin.py:104} INFO - [2021-12-25 11:43:27,784] {dag.py:2273} INFO - Setting next_dagrun for survey to 2021-12-25 00:00:00+00:00
[2021-12-25 11:43:27,802] {scheduler_job.py:190} INFO - Processing /opt/airflow/dags/survey.py took 1.235 seconds
[2021-12-25 11:43:57,975] {scheduler_job.py:182} INFO - Started process (PID=202) to work on /opt/airflow/dags/survey.py
[2021-12-25 11:43:57,978] {scheduler_job.py:629} INFO - Processing file /opt/airflow/dags/survey.py for tasks to queue
[2021-12-25 11:43:57,980] {logging_mixin.py:104} INFO - [2021-12-25 11:43:57,980] {dagbag.py:448} INFO - Filling up the DagBag from /opt/airflow/dags/survey.py
[2021-12-25 11:43:58,887] {logging_mixin.py:104} WARNING - /home/airflow/.local/lib/python3.6/site-packages/airflow/utils/decorators.py:94 DeprecationWarning: provide_context is deprecated as of 2.0 and is no longer required
[2021-12-25 11:43:58,903] {scheduler_job.py:639} INFO - DAG(s) dict_keys(['survey']) retrieved from /opt/airflow/dags/survey.py
[2021-12-25 11:43:58,940] {logging_mixin.py:104} INFO - [2021-12-25 11:43:58,940] {dag.py:1818} INFO - Sync 1 DAGs
[2021-12-25 11:43:58,985] {logging_mixin.py:104} INFO - [2021-12-25 11:43:58,984] {dag.py:2273} INFO - Setting next_dagrun for survey to 2021-12-25 00:00:00+00:00
[2021-12-25 11:43:59,007] {scheduler_job.py:190} INFO - Processing /opt/airflow/dags/survey.py took 1.040 seconds
[2021-12-25 11:44:30,919] {scheduler_job.py:182} INFO - Started process (PID=209) to work on /opt/airflow/dags/survey.py
[2021-12-25 11:44:30,921] {scheduler_job.py:629} INFO - Processing file /opt/airflow/dags/survey.py for tasks to queue
[2021-12-25 11:44:30,923] {logging_mixin.py:104} INFO - [2021-12-25 11:44:30,923] {dagbag.py:448} INFO - Filling up the DagBag from /opt/airflow/dags/survey.py
[2021-12-25 11:44:31,767] {logging_mixin.py:104} WARNING - /home/airflow/.local/lib/python3.6/site-packages/airflow/utils/decorators.py:94 DeprecationWarning: provide_context is deprecated as of 2.0 and is no longer required
[2021-12-25 11:44:31,776] {scheduler_job.py:639} INFO - DAG(s) dict_keys(['survey']) retrieved from /opt/airflow/dags/survey.py
[2021-12-25 11:44:31,805] {logging_mixin.py:104} INFO - [2021-12-25 11:44:31,804] {dag.py:1818} INFO - Sync 1 DAGs
[2021-12-25 11:44:31,837] {logging_mixin.py:104} INFO - [2021-12-25 11:44:31,837] {dag.py:2273} INFO - Setting next_dagrun for survey to 2021-12-25 00:00:00+00:00
[2021-12-25 11:44:31,852] {scheduler_job.py:190} INFO - Processing /opt/airflow/dags/survey.py took 0.940 seconds
[2021-12-25 11:45:06,611] {scheduler_job.py:182} INFO - Started process (PID=216) to work on /opt/airflow/dags/survey.py
[2021-12-25 11:45:06,614] {scheduler_job.py:629} INFO - Processing file /opt/airflow/dags/survey.py for tasks to queue
[2021-12-25 11:45:06,616] {logging_mixin.py:104} INFO - [2021-12-25 11:45:06,616] {dagbag.py:448} INFO - Filling up the DagBag from /opt/airflow/dags/survey.py
[2021-12-25 11:45:07,489] {logging_mixin.py:104} WARNING - /home/airflow/.local/lib/python3.6/site-packages/airflow/utils/decorators.py:94 DeprecationWarning: provide_context is deprecated as of 2.0 and is no longer required
[2021-12-25 11:45:07,499] {scheduler_job.py:639} INFO - DAG(s) dict_keys(['survey']) retrieved from /opt/airflow/dags/survey.py
[2021-12-25 11:45:07,523] {logging_mixin.py:104} INFO - [2021-12-25 11:45:07,523] {dag.py:1818} INFO - Sync 1 DAGs
[2021-12-25 11:45:07,555] {logging_mixin.py:104} INFO - [2021-12-25 11:45:07,555] {dag.py:2273} INFO - Setting next_dagrun for survey to 2021-12-25 00:00:00+00:00
[2021-12-25 11:45:07,608] {scheduler_job.py:190} INFO - Processing /opt/airflow/dags/survey.py took 1.003 seconds
[2021-12-25 11:45:37,743] {scheduler_job.py:182} INFO - Started process (PID=219) to work on /opt/airflow/dags/survey.py
[2021-12-25 11:45:37,748] {scheduler_job.py:629} INFO - Processing file /opt/airflow/dags/survey.py for tasks to queue
[2021-12-25 11:45:37,750] {logging_mixin.py:104} INFO - [2021-12-25 11:45:37,750] {dagbag.py:448} INFO - Filling up the DagBag from /opt/airflow/dags/survey.py
[2021-12-25 11:45:38,633] {logging_mixin.py:104} INFO - [2021-12-25 11:45:38,611] {dagbag.py:305} ERROR - Failed to import: /opt/airflow/dags/survey.py
Traceback (most recent call last):
  File "/home/airflow/.local/lib/python3.6/site-packages/airflow/models/dagbag.py", line 302, in _load_modules_from_file
    loader.exec_module(new_module)
  File "<frozen importlib._bootstrap_external>", line 678, in exec_module
  File "<frozen importlib._bootstrap>", line 219, in _call_with_frames_removed
  File "/opt/airflow/dags/survey.py", line 18, in <module>
    df = pd.read_csv(mydir+"answers.csv",encoding = "ISO-8859-1")
  File "/home/airflow/.local/lib/python3.6/site-packages/pandas/io/parsers.py", line 688, in read_csv
    return _read(filepath_or_buffer, kwds)
  File "/home/airflow/.local/lib/python3.6/site-packages/pandas/io/parsers.py", line 454, in _read
    parser = TextFileReader(fp_or_buf, **kwds)
  File "/home/airflow/.local/lib/python3.6/site-packages/pandas/io/parsers.py", line 948, in __init__
    self._make_engine(self.engine)
  File "/home/airflow/.local/lib/python3.6/site-packages/pandas/io/parsers.py", line 1180, in _make_engine
    self._engine = CParserWrapper(self.f, **self.options)
  File "/home/airflow/.local/lib/python3.6/site-packages/pandas/io/parsers.py", line 1993, in __init__
    src = open(src, "rb")
FileNotFoundError: [Errno 2] No such file or directory: '/opt/airflow/dags/answers.csv'
[2021-12-25 11:45:38,637] {scheduler_job.py:641} WARNING - No viable dags retrieved from /opt/airflow/dags/survey.py
[2021-12-25 11:45:38,694] {scheduler_job.py:190} INFO - Processing /opt/airflow/dags/survey.py took 0.957 seconds
[2021-12-25 11:46:08,808] {scheduler_job.py:182} INFO - Started process (PID=223) to work on /opt/airflow/dags/survey.py
[2021-12-25 11:46:08,810] {scheduler_job.py:629} INFO - Processing file /opt/airflow/dags/survey.py for tasks to queue
[2021-12-25 11:46:08,812] {logging_mixin.py:104} INFO - [2021-12-25 11:46:08,811] {dagbag.py:448} INFO - Filling up the DagBag from /opt/airflow/dags/survey.py
[2021-12-25 11:46:09,475] {logging_mixin.py:104} INFO - [2021-12-25 11:46:09,469] {dagbag.py:305} ERROR - Failed to import: /opt/airflow/dags/survey.py
Traceback (most recent call last):
  File "/home/airflow/.local/lib/python3.6/site-packages/airflow/models/dagbag.py", line 302, in _load_modules_from_file
    loader.exec_module(new_module)
  File "<frozen importlib._bootstrap_external>", line 678, in exec_module
  File "<frozen importlib._bootstrap>", line 219, in _call_with_frames_removed
  File "/opt/airflow/dags/survey.py", line 18, in <module>
    df = pd.read_csv(mydir+"answers.csv",encoding = "ISO-8859-1")
  File "/home/airflow/.local/lib/python3.6/site-packages/pandas/io/parsers.py", line 688, in read_csv
    return _read(filepath_or_buffer, kwds)
  File "/home/airflow/.local/lib/python3.6/site-packages/pandas/io/parsers.py", line 454, in _read
    parser = TextFileReader(fp_or_buf, **kwds)
  File "/home/airflow/.local/lib/python3.6/site-packages/pandas/io/parsers.py", line 948, in __init__
    self._make_engine(self.engine)
  File "/home/airflow/.local/lib/python3.6/site-packages/pandas/io/parsers.py", line 1180, in _make_engine
    self._engine = CParserWrapper(self.f, **self.options)
  File "/home/airflow/.local/lib/python3.6/site-packages/pandas/io/parsers.py", line 1993, in __init__
    src = open(src, "rb")
FileNotFoundError: [Errno 2] No such file or directory: '/opt/airflow/dags/answers.csv'
[2021-12-25 11:46:09,481] {scheduler_job.py:641} WARNING - No viable dags retrieved from /opt/airflow/dags/survey.py
[2021-12-25 11:46:09,505] {scheduler_job.py:190} INFO - Processing /opt/airflow/dags/survey.py took 0.702 seconds
[2021-12-25 11:46:39,989] {scheduler_job.py:182} INFO - Started process (PID=227) to work on /opt/airflow/dags/survey.py
[2021-12-25 11:46:39,993] {scheduler_job.py:629} INFO - Processing file /opt/airflow/dags/survey.py for tasks to queue
[2021-12-25 11:46:39,996] {logging_mixin.py:104} INFO - [2021-12-25 11:46:39,996] {dagbag.py:448} INFO - Filling up the DagBag from /opt/airflow/dags/survey.py
[2021-12-25 11:46:40,823] {logging_mixin.py:104} INFO - [2021-12-25 11:46:40,816] {dagbag.py:305} ERROR - Failed to import: /opt/airflow/dags/survey.py
Traceback (most recent call last):
  File "/home/airflow/.local/lib/python3.6/site-packages/airflow/models/dagbag.py", line 302, in _load_modules_from_file
    loader.exec_module(new_module)
  File "<frozen importlib._bootstrap_external>", line 678, in exec_module
  File "<frozen importlib._bootstrap>", line 219, in _call_with_frames_removed
  File "/opt/airflow/dags/survey.py", line 18, in <module>
    df = pd.read_csv(mydir+"answers.csv",encoding = "ISO-8859-1")
  File "/home/airflow/.local/lib/python3.6/site-packages/pandas/io/parsers.py", line 688, in read_csv
    return _read(filepath_or_buffer, kwds)
  File "/home/airflow/.local/lib/python3.6/site-packages/pandas/io/parsers.py", line 454, in _read
    parser = TextFileReader(fp_or_buf, **kwds)
  File "/home/airflow/.local/lib/python3.6/site-packages/pandas/io/parsers.py", line 948, in __init__
    self._make_engine(self.engine)
  File "/home/airflow/.local/lib/python3.6/site-packages/pandas/io/parsers.py", line 1180, in _make_engine
    self._engine = CParserWrapper(self.f, **self.options)
  File "/home/airflow/.local/lib/python3.6/site-packages/pandas/io/parsers.py", line 1993, in __init__
    src = open(src, "rb")
FileNotFoundError: [Errno 2] No such file or directory: '/opt/airflow/dags/answers.csv'
[2021-12-25 11:46:40,829] {scheduler_job.py:641} WARNING - No viable dags retrieved from /opt/airflow/dags/survey.py
[2021-12-25 11:46:40,903] {scheduler_job.py:190} INFO - Processing /opt/airflow/dags/survey.py took 0.922 seconds
[2021-12-25 11:47:11,134] {scheduler_job.py:182} INFO - Started process (PID=231) to work on /opt/airflow/dags/survey.py
[2021-12-25 11:47:11,135] {scheduler_job.py:629} INFO - Processing file /opt/airflow/dags/survey.py for tasks to queue
[2021-12-25 11:47:11,137] {logging_mixin.py:104} INFO - [2021-12-25 11:47:11,137] {dagbag.py:448} INFO - Filling up the DagBag from /opt/airflow/dags/survey.py
[2021-12-25 11:47:11,747] {logging_mixin.py:104} INFO - [2021-12-25 11:47:11,741] {dagbag.py:305} ERROR - Failed to import: /opt/airflow/dags/survey.py
Traceback (most recent call last):
  File "/home/airflow/.local/lib/python3.6/site-packages/airflow/models/dagbag.py", line 302, in _load_modules_from_file
    loader.exec_module(new_module)
  File "<frozen importlib._bootstrap_external>", line 678, in exec_module
  File "<frozen importlib._bootstrap>", line 219, in _call_with_frames_removed
  File "/opt/airflow/dags/survey.py", line 18, in <module>
    df = pd.read_csv(mydir+"answers.csv",encoding = "ISO-8859-1")
  File "/home/airflow/.local/lib/python3.6/site-packages/pandas/io/parsers.py", line 688, in read_csv
    return _read(filepath_or_buffer, kwds)
  File "/home/airflow/.local/lib/python3.6/site-packages/pandas/io/parsers.py", line 454, in _read
    parser = TextFileReader(fp_or_buf, **kwds)
  File "/home/airflow/.local/lib/python3.6/site-packages/pandas/io/parsers.py", line 948, in __init__
    self._make_engine(self.engine)
  File "/home/airflow/.local/lib/python3.6/site-packages/pandas/io/parsers.py", line 1180, in _make_engine
    self._engine = CParserWrapper(self.f, **self.options)
  File "/home/airflow/.local/lib/python3.6/site-packages/pandas/io/parsers.py", line 1993, in __init__
    src = open(src, "rb")
FileNotFoundError: [Errno 2] No such file or directory: '/opt/airflow/dags/answers.csv'
[2021-12-25 11:47:11,751] {scheduler_job.py:641} WARNING - No viable dags retrieved from /opt/airflow/dags/survey.py
[2021-12-25 11:47:11,778] {scheduler_job.py:190} INFO - Processing /opt/airflow/dags/survey.py took 0.651 seconds
[2021-12-25 11:47:42,275] {scheduler_job.py:182} INFO - Started process (PID=235) to work on /opt/airflow/dags/survey.py
[2021-12-25 11:47:42,277] {scheduler_job.py:629} INFO - Processing file /opt/airflow/dags/survey.py for tasks to queue
[2021-12-25 11:47:42,279] {logging_mixin.py:104} INFO - [2021-12-25 11:47:42,279] {dagbag.py:448} INFO - Filling up the DagBag from /opt/airflow/dags/survey.py
[2021-12-25 11:47:42,821] {logging_mixin.py:104} INFO - [2021-12-25 11:47:42,816] {dagbag.py:305} ERROR - Failed to import: /opt/airflow/dags/survey.py
Traceback (most recent call last):
  File "/home/airflow/.local/lib/python3.6/site-packages/airflow/models/dagbag.py", line 302, in _load_modules_from_file
    loader.exec_module(new_module)
  File "<frozen importlib._bootstrap_external>", line 678, in exec_module
  File "<frozen importlib._bootstrap>", line 219, in _call_with_frames_removed
  File "/opt/airflow/dags/survey.py", line 18, in <module>
    df = pd.read_csv(mydir+"answers.csv",encoding = "ISO-8859-1")
  File "/home/airflow/.local/lib/python3.6/site-packages/pandas/io/parsers.py", line 688, in read_csv
    return _read(filepath_or_buffer, kwds)
  File "/home/airflow/.local/lib/python3.6/site-packages/pandas/io/parsers.py", line 454, in _read
    parser = TextFileReader(fp_or_buf, **kwds)
  File "/home/airflow/.local/lib/python3.6/site-packages/pandas/io/parsers.py", line 948, in __init__
    self._make_engine(self.engine)
  File "/home/airflow/.local/lib/python3.6/site-packages/pandas/io/parsers.py", line 1180, in _make_engine
    self._engine = CParserWrapper(self.f, **self.options)
  File "/home/airflow/.local/lib/python3.6/site-packages/pandas/io/parsers.py", line 1993, in __init__
    src = open(src, "rb")
FileNotFoundError: [Errno 2] No such file or directory: '/opt/airflow/dags/answers.csv'
[2021-12-25 11:47:42,824] {scheduler_job.py:641} WARNING - No viable dags retrieved from /opt/airflow/dags/survey.py
[2021-12-25 11:47:42,849] {scheduler_job.py:190} INFO - Processing /opt/airflow/dags/survey.py took 0.579 seconds
