[2021-12-25 11:43:05,065] {taskinstance.py:851} INFO - Dependencies all met for <TaskInstance: data_transform.connect_mongo_postgress 2021-12-25T11:42:56.073270+00:00 [queued]>
[2021-12-25 11:43:05,929] {taskinstance.py:851} INFO - Dependencies all met for <TaskInstance: data_transform.connect_mongo_postgress 2021-12-25T11:42:56.073270+00:00 [queued]>
[2021-12-25 11:43:05,934] {taskinstance.py:1042} INFO - 
--------------------------------------------------------------------------------
[2021-12-25 11:43:05,935] {taskinstance.py:1043} INFO - Starting attempt 1 of 1
[2021-12-25 11:43:05,935] {taskinstance.py:1044} INFO - 
--------------------------------------------------------------------------------
[2021-12-25 11:43:06,175] {taskinstance.py:1063} INFO - Executing <Task(PythonOperator): connect_mongo_postgress> on 2021-12-25T11:42:56.073270+00:00
[2021-12-25 11:43:06,205] {standard_task_runner.py:76} INFO - Running: ['airflow', 'tasks', 'run', 'data_transform', 'connect_mongo_postgress', '2021-12-25T11:42:56.073270+00:00', '--job-id', '193', '--pool', 'default_pool', '--raw', '--subdir', 'DAGS_FOLDER/data_transform.py', '--cfg-path', '/tmp/tmp8i8qmh2f', '--error-file', '/tmp/tmpblrz6p6p']
[2021-12-25 11:43:06,216] {standard_task_runner.py:77} INFO - Job 193: Subtask connect_mongo_postgress
[2021-12-25 11:43:06,192] {standard_task_runner.py:52} INFO - Started process 53 to run task
[2021-12-25 11:43:06,530] {logging_mixin.py:104} INFO - Running <TaskInstance: data_transform.connect_mongo_postgress 2021-12-25T11:42:56.073270+00:00 [running]> on host 9b47502ca6d8
[2021-12-25 11:43:06,713] {taskinstance.py:1257} INFO - Exporting the following env vars:
AIRFLOW_CTX_DAG_OWNER=airflow
AIRFLOW_CTX_DAG_ID=data_transform
AIRFLOW_CTX_TASK_ID=connect_mongo_postgress
AIRFLOW_CTX_EXECUTION_DATE=2021-12-25T11:42:56.073270+00:00
AIRFLOW_CTX_DAG_RUN_ID=manual__2021-12-25T11:42:56.073270+00:00
[2021-12-25 11:43:08,205] {python.py:118} INFO - Done. Returned value was: Mongo Postgress Done
[2021-12-25 11:43:08,325] {taskinstance.py:1166} INFO - Marking task as SUCCESS. dag_id=data_transform, task_id=connect_mongo_postgress, execution_date=20211225T114256, start_date=20211225T114305, end_date=20211225T114308
[2021-12-25 11:43:08,446] {taskinstance.py:1220} INFO - 1 downstream tasks scheduled from follow-on schedule check
[2021-12-25 11:43:08,528] {local_task_job.py:146} INFO - Task exited with return code 0
